2019-03-01 11:03:51,967 INFO WEIGHT LAYER 1: ABSAV = 0.058434, SD =0.134485, ABSMAX =2.254256, ABSMIN =0.000015
2019-03-01 11:03:52,108 INFO WEIGHT LAYER 2: ABSAV = 1.001635, SD =0.043797, ABSMAX =1.144005, ABSMIN =0.912286
2019-03-01 11:03:52,229 INFO WEIGHT LAYER 4: ABSAV = 0.038501, SD =0.051613, ABSMAX =0.622438, ABSMIN =0.000000
2019-03-01 11:03:52,356 INFO WEIGHT LAYER 5: ABSAV = 1.000036, SD =0.039681, ABSMAX =1.083381, ABSMIN =0.903866
2019-03-01 11:03:52,478 INFO WEIGHT LAYER 7: ABSAV = 0.038824, SD =0.050872, ABSMAX =0.421237, ABSMIN =0.000000
2019-03-01 11:03:52,616 INFO WEIGHT LAYER 8: ABSAV = 1.005215, SD =0.048059, ABSMAX =1.172853, ABSMIN =0.901522
2019-03-01 11:03:52,738 INFO WEIGHT LAYER 11: ABSAV = 0.035099, SD =0.044935, ABSMAX =0.412285, ABSMIN =0.000000
2019-03-01 11:03:52,864 INFO WEIGHT LAYER 12: ABSAV = 0.999882, SD =0.030101, ABSMAX =1.067852, ABSMIN =0.944770
2019-03-01 11:03:52,986 INFO WEIGHT LAYER 14: ABSAV = 0.034469, SD =0.043975, ABSMAX =0.322541, ABSMIN =0.000000
2019-03-01 11:03:53,111 INFO WEIGHT LAYER 15: ABSAV = 0.999546, SD =0.034883, ABSMAX =1.092769, ABSMIN =0.911070
2019-03-01 11:03:53,235 INFO WEIGHT LAYER 18: ABSAV = 0.033112, SD =0.041811, ABSMAX =0.332054, ABSMIN =0.000000
2019-03-01 11:03:53,361 INFO WEIGHT LAYER 19: ABSAV = 0.999909, SD =0.027610, ABSMAX =1.056461, ABSMIN =0.935006
2019-03-01 11:03:53,483 INFO WEIGHT LAYER 21: ABSAV = 0.031730, SD =0.039402, ABSMAX =0.220148, ABSMIN =0.000001
2019-03-01 11:03:53,607 INFO WEIGHT LAYER 22: ABSAV = 0.995381, SD =0.026983, ABSMAX =1.087979, ABSMIN =0.935072
2019-03-01 11:03:53,733 INFO WEIGHT LAYER 25: ABSAV = 0.031258, SD =0.039222, ABSMAX =0.396730, ABSMIN =0.000001
2019-03-01 11:03:53,856 INFO WEIGHT LAYER 26: ABSAV = 0.999952, SD =0.022612, ABSMAX =1.038688, ABSMIN =0.923484
2019-03-01 11:03:53,977 INFO WEIGHT LAYER 28: ABSAV = 0.030320, SD =0.037560, ABSMAX =0.233686, ABSMIN =0.000000
2019-03-01 11:03:54,104 INFO WEIGHT LAYER 29: ABSAV = 0.997970, SD =0.018670, ABSMAX =1.037571, ABSMIN =0.960799
2019-03-01 11:03:54,224 INFO WEIGHT LAYER 32: ABSAV = 0.030828, SD =0.038260, ABSMAX =0.321214, ABSMIN =0.000001
2019-03-01 11:03:54,349 INFO WEIGHT LAYER 33: ABSAV = 0.999938, SD =0.026088, ABSMAX =1.078882, ABSMIN =0.934607
2019-03-01 11:03:54,469 INFO WEIGHT LAYER 35: ABSAV = 0.029438, SD =0.036335, ABSMAX =0.238247, ABSMIN =0.000001
2019-03-01 11:03:54,595 INFO WEIGHT LAYER 36: ABSAV = 0.998672, SD =0.022567, ABSMAX =1.090078, ABSMIN =0.951500
2019-03-01 11:03:54,712 INFO WEIGHT LAYER 39: ABSAV = 0.293616, SD =0.300303, ABSMAX =0.735502, ABSMIN =0.001432
2019-03-01 11:03:54,837 INFO WEIGHT LAYER 40: ABSAV = 0.055198, SD =0.000000, ABSMAX =0.055198, ABSMIN =0.055198
2019-03-01 11:03:54,959 INFO WEIGHT LAYER 42: ABSAV = 0.146021, SD =0.157297, ABSMAX =0.367231, ABSMIN =0.003499
2019-03-01 11:03:55,086 INFO WEIGHT LAYER 44: ABSAV = 0.230076, SD =0.036781, ABSMAX =0.266856, ABSMIN =0.193295
2019-03-01 11:03:55,206 INFO WEIGHT LAYER 45: ABSAV = 0.146063, SD =0.172193, ABSMAX =0.518684, ABSMIN =0.000020
2019-03-01 11:03:55,329 INFO WEIGHT LAYER 49: ABSAV = 0.130362, SD =0.168913, ABSMAX =0.382559, ABSMIN =0.001614
2019-03-01 11:03:55,451 INFO WEIGHT LAYER 50: ABSAV = 0.120349, SD =0.140378, ABSMAX =0.346458, ABSMIN =0.000166
2019-03-01 11:03:55,451 INFO ------------------
2019-03-01 11:03:55,453 INFO BIAS LAYER 2: ABSAV = 0.045999, SD =0.058999, ABSMAX =0.147614, ABSMIN =0.000606
2019-03-01 11:03:55,454 INFO BIAS LAYER 5: ABSAV = 0.029764, SD =0.038204, ABSMAX =0.102507, ABSMIN =0.000095
2019-03-01 11:03:55,456 INFO BIAS LAYER 8: ABSAV = 0.026897, SD =0.033271, ABSMAX =0.082634, ABSMIN =0.000021
2019-03-01 11:03:55,457 INFO BIAS LAYER 12: ABSAV = 0.016821, SD =0.021855, ABSMAX =0.055768, ABSMIN =0.000042
2019-03-01 11:03:55,459 INFO BIAS LAYER 15: ABSAV = 0.019610, SD =0.024562, ABSMAX =0.063890, ABSMIN =0.000026
2019-03-01 11:03:55,460 INFO BIAS LAYER 19: ABSAV = 0.015140, SD =0.019659, ABSMAX =0.054774, ABSMIN =0.000215
2019-03-01 11:03:55,462 INFO BIAS LAYER 22: ABSAV = 0.014922, SD =0.018289, ABSMAX =0.054124, ABSMIN =0.000128
2019-03-01 11:03:55,464 INFO BIAS LAYER 26: ABSAV = 0.015219, SD =0.019813, ABSMAX =0.056933, ABSMIN =0.000193
2019-03-01 11:03:55,467 INFO BIAS LAYER 29: ABSAV = 0.010126, SD =0.012664, ABSMAX =0.030444, ABSMIN =0.000122
2019-03-01 11:03:55,470 INFO BIAS LAYER 33: ABSAV = 0.014141, SD =0.017796, ABSMAX =0.046414, ABSMIN =0.000722
2019-03-01 11:03:55,471 INFO BIAS LAYER 36: ABSAV = 0.005994, SD =0.007858, ABSMAX =0.024576, ABSMIN =0.000039
2019-03-01 11:03:55,473 INFO BIAS LAYER 40: ABSAV = 0.171036, SD =0.000000, ABSMAX =0.171036, ABSMIN =0.171036
2019-03-01 11:03:55,474 INFO BIAS LAYER 44: ABSAV = 0.174987, SD =0.013028, ABSMAX =0.188015, ABSMIN =0.161959
2019-03-01 11:03:55,475 INFO ******************
2019-03-01 11:52:58,197 INFO WEIGHT LAYER 1: ABSAV = 0.057513, SD =0.132374, ABSMAX =2.219315, ABSMIN =0.000002
2019-03-01 11:52:58,199 INFO WEIGHT LAYER 2: ABSAV = 1.001599, SD =0.043832, ABSMAX =1.145119, ABSMIN =0.910853
2019-03-01 11:52:58,201 INFO WEIGHT LAYER 4: ABSAV = 0.037894, SD =0.050800, ABSMAX =0.612639, ABSMIN =0.000002
2019-03-01 11:52:58,202 INFO WEIGHT LAYER 5: ABSAV = 1.000031, SD =0.039717, ABSMAX =1.083492, ABSMIN =0.902699
2019-03-01 11:52:58,204 INFO WEIGHT LAYER 7: ABSAV = 0.038212, SD =0.050071, ABSMAX =0.414690, ABSMIN =0.000001
2019-03-01 11:52:58,205 INFO WEIGHT LAYER 8: ABSAV = 1.005204, SD =0.048101, ABSMAX =1.172649, ABSMIN =0.901359
2019-03-01 11:52:58,206 INFO WEIGHT LAYER 11: ABSAV = 0.034545, SD =0.044227, ABSMAX =0.405904, ABSMIN =0.000000
2019-03-01 11:52:58,207 INFO WEIGHT LAYER 12: ABSAV = 0.999881, SD =0.030160, ABSMAX =1.067967, ABSMIN =0.944648
2019-03-01 11:52:58,209 INFO WEIGHT LAYER 14: ABSAV = 0.033924, SD =0.043282, ABSMAX =0.317404, ABSMIN =0.000000
2019-03-01 11:52:58,210 INFO WEIGHT LAYER 15: ABSAV = 0.999438, SD =0.034852, ABSMAX =1.093097, ABSMIN =0.911295
2019-03-01 11:52:58,211 INFO WEIGHT LAYER 18: ABSAV = 0.032589, SD =0.041151, ABSMAX =0.326871, ABSMIN =0.000000
2019-03-01 11:52:58,212 INFO WEIGHT LAYER 19: ABSAV = 0.999908, SD =0.027617, ABSMAX =1.056436, ABSMIN =0.935021
2019-03-01 11:52:58,214 INFO WEIGHT LAYER 21: ABSAV = 0.031228, SD =0.038780, ABSMAX =0.216653, ABSMIN =0.000001
2019-03-01 11:52:58,215 INFO WEIGHT LAYER 22: ABSAV = 0.995301, SD =0.026961, ABSMAX =1.087632, ABSMIN =0.935194
2019-03-01 11:52:58,218 INFO WEIGHT LAYER 25: ABSAV = 0.030763, SD =0.038603, ABSMAX =0.390506, ABSMIN =0.000001
2019-03-01 11:52:58,220 INFO WEIGHT LAYER 26: ABSAV = 0.999953, SD =0.022590, ABSMAX =1.038571, ABSMIN =0.924022
2019-03-01 11:52:58,221 INFO WEIGHT LAYER 28: ABSAV = 0.029841, SD =0.036967, ABSMAX =0.230034, ABSMIN =0.000000
2019-03-01 11:52:58,222 INFO WEIGHT LAYER 29: ABSAV = 0.997863, SD =0.018629, ABSMAX =1.036996, ABSMIN =0.960485
2019-03-01 11:52:58,224 INFO WEIGHT LAYER 32: ABSAV = 0.030341, SD =0.037655, ABSMAX =0.316157, ABSMIN =0.000000
2019-03-01 11:52:58,225 INFO WEIGHT LAYER 33: ABSAV = 0.999936, SD =0.026144, ABSMAX =1.079329, ABSMIN =0.934505
2019-03-01 11:52:58,226 INFO WEIGHT LAYER 35: ABSAV = 0.028972, SD =0.035761, ABSMAX =0.234419, ABSMIN =0.000000
2019-03-01 11:52:58,227 INFO WEIGHT LAYER 36: ABSAV = 0.998574, SD =0.022567, ABSMAX =1.089963, ABSMIN =0.951268
2019-03-01 11:52:58,228 INFO WEIGHT LAYER 39: ABSAV = 0.288472, SD =0.294764, ABSMAX =0.725276, ABSMIN =0.000160
2019-03-01 11:52:58,229 INFO WEIGHT LAYER 40: ABSAV = 0.010369, SD =0.000000, ABSMAX =0.010369, ABSMIN =0.010369
2019-03-01 11:52:58,230 INFO WEIGHT LAYER 42: ABSAV = 0.143173, SD =0.154414, ABSMAX =0.358592, ABSMIN =0.002878
2019-03-01 11:52:58,231 INFO WEIGHT LAYER 44: ABSAV = 0.364838, SD =0.077935, ABSMAX =0.442773, ABSMIN =0.286902
2019-03-01 11:52:58,232 INFO WEIGHT LAYER 45: ABSAV = 0.142922, SD =0.168258, ABSMAX =0.519897, ABSMIN =0.000183
2019-03-01 11:52:58,234 INFO WEIGHT LAYER 49: ABSAV = 0.093991, SD =0.115159, ABSMAX =0.209247, ABSMIN =0.013435
2019-03-01 11:52:58,235 INFO WEIGHT LAYER 50: ABSAV = 0.119153, SD =0.139883, ABSMAX =0.372701, ABSMIN =0.000218
2019-03-01 11:52:58,235 INFO ------------------
2019-03-01 11:52:58,236 INFO BIAS LAYER 2: ABSAV = 0.045945, SD =0.058922, ABSMAX =0.147350, ABSMIN =0.000989
2019-03-01 11:52:58,238 INFO BIAS LAYER 5: ABSAV = 0.029816, SD =0.038307, ABSMAX =0.102570, ABSMIN =0.000060
2019-03-01 11:52:58,239 INFO BIAS LAYER 8: ABSAV = 0.026917, SD =0.033256, ABSMAX =0.081793, ABSMIN =0.000170
2019-03-01 11:52:58,241 INFO BIAS LAYER 12: ABSAV = 0.016850, SD =0.021865, ABSMAX =0.055694, ABSMIN =0.000196
2019-03-01 11:52:58,242 INFO BIAS LAYER 15: ABSAV = 0.019570, SD =0.024518, ABSMAX =0.064160, ABSMIN =0.000057
2019-03-01 11:52:58,244 INFO BIAS LAYER 19: ABSAV = 0.015181, SD =0.019674, ABSMAX =0.054650, ABSMIN =0.000172
2019-03-01 11:52:58,245 INFO BIAS LAYER 22: ABSAV = 0.014849, SD =0.018248, ABSMAX =0.054622, ABSMIN =0.000129
2019-03-01 11:52:58,247 INFO BIAS LAYER 26: ABSAV = 0.015227, SD =0.019808, ABSMAX =0.057046, ABSMIN =0.000167
2019-03-01 11:52:58,248 INFO BIAS LAYER 29: ABSAV = 0.010112, SD =0.012655, ABSMAX =0.030843, ABSMIN =0.000087
2019-03-01 11:52:58,251 INFO BIAS LAYER 33: ABSAV = 0.014185, SD =0.017832, ABSMAX =0.046443, ABSMIN =0.000642
2019-03-01 11:52:58,254 INFO BIAS LAYER 36: ABSAV = 0.006037, SD =0.007888, ABSMAX =0.024700, ABSMIN =0.000145
2019-03-01 11:52:58,256 INFO BIAS LAYER 40: ABSAV = 0.167830, SD =0.000000, ABSMAX =0.167830, ABSMIN =0.167830
2019-03-01 11:52:58,257 INFO BIAS LAYER 44: ABSAV = 0.185537, SD =0.021374, ABSMAX =0.206911, ABSMIN =0.164163
2019-03-01 11:52:58,258 INFO ******************
2019-03-01 12:48:42,582 INFO WEIGHT LAYER 1: ABSAV = 0.056604, SD =0.130270, ABSMAX =2.184139, ABSMIN =0.000002
2019-03-01 12:48:42,586 INFO WEIGHT LAYER 2: ABSAV = 1.001381, SD =0.044094, ABSMAX =1.149495, ABSMIN =0.907148
2019-03-01 12:48:42,592 INFO WEIGHT LAYER 4: ABSAV = 0.037291, SD =0.049993, ABSMAX =0.602801, ABSMIN =0.000001
2019-03-01 12:48:42,595 INFO WEIGHT LAYER 5: ABSAV = 1.000032, SD =0.039637, ABSMAX =1.083906, ABSMIN =0.902748
2019-03-01 12:48:42,599 INFO WEIGHT LAYER 7: ABSAV = 0.037604, SD =0.049275, ABSMAX =0.408276, ABSMIN =0.000000
2019-03-01 12:48:42,603 INFO WEIGHT LAYER 8: ABSAV = 1.005237, SD =0.048179, ABSMAX =1.172672, ABSMIN =0.900597
2019-03-01 12:48:42,607 INFO WEIGHT LAYER 11: ABSAV = 0.033995, SD =0.043524, ABSMAX =0.399684, ABSMIN =0.000000
2019-03-01 12:48:42,609 INFO WEIGHT LAYER 12: ABSAV = 0.999880, SD =0.030195, ABSMAX =1.067773, ABSMIN =0.944662
2019-03-01 12:48:42,611 INFO WEIGHT LAYER 14: ABSAV = 0.033384, SD =0.042594, ABSMAX =0.312223, ABSMIN =0.000000
2019-03-01 12:48:42,613 INFO WEIGHT LAYER 15: ABSAV = 0.999376, SD =0.034850, ABSMAX =1.092949, ABSMIN =0.911391
2019-03-01 12:48:42,615 INFO WEIGHT LAYER 18: ABSAV = 0.032071, SD =0.040497, ABSMAX =0.321684, ABSMIN =0.000000
2019-03-01 12:48:42,617 INFO WEIGHT LAYER 19: ABSAV = 0.999907, SD =0.027640, ABSMAX =1.056349, ABSMIN =0.934791
2019-03-01 12:48:42,621 INFO WEIGHT LAYER 21: ABSAV = 0.030732, SD =0.038163, ABSMAX =0.213204, ABSMIN =0.000001
2019-03-01 12:48:42,622 INFO WEIGHT LAYER 22: ABSAV = 0.995262, SD =0.027001, ABSMAX =1.087665, ABSMIN =0.934978
2019-03-01 12:48:42,624 INFO WEIGHT LAYER 25: ABSAV = 0.030274, SD =0.037989, ABSMAX =0.384291, ABSMIN =0.000000
2019-03-01 12:48:42,625 INFO WEIGHT LAYER 26: ABSAV = 0.999952, SD =0.022614, ABSMAX =1.038477, ABSMIN =0.923686
2019-03-01 12:48:42,626 INFO WEIGHT LAYER 28: ABSAV = 0.029367, SD =0.036379, ABSMAX =0.226383, ABSMIN =0.000002
2019-03-01 12:48:42,628 INFO WEIGHT LAYER 29: ABSAV = 0.997869, SD =0.018639, ABSMAX =1.036982, ABSMIN =0.960336
2019-03-01 12:48:42,629 INFO WEIGHT LAYER 32: ABSAV = 0.029858, SD =0.037056, ABSMAX =0.311122, ABSMIN =0.000000
2019-03-01 12:48:42,630 INFO WEIGHT LAYER 33: ABSAV = 0.999936, SD =0.026181, ABSMAX =1.079641, ABSMIN =0.934546
2019-03-01 12:48:42,631 INFO WEIGHT LAYER 35: ABSAV = 0.028511, SD =0.035192, ABSMAX =0.230541, ABSMIN =0.000000
2019-03-01 12:48:42,633 INFO WEIGHT LAYER 36: ABSAV = 0.998583, SD =0.022566, ABSMAX =1.089852, ABSMIN =0.951378
2019-03-01 12:48:42,633 INFO WEIGHT LAYER 39: ABSAV = 0.283927, SD =0.290008, ABSMAX =0.712603, ABSMIN =0.000325
2019-03-01 12:48:42,636 INFO WEIGHT LAYER 40: ABSAV = 0.087844, SD =0.000000, ABSMAX =0.087844, ABSMIN =0.087844
2019-03-01 12:48:42,637 INFO WEIGHT LAYER 42: ABSAV = 0.140493, SD =0.151205, ABSMAX =0.351162, ABSMIN =0.001954
2019-03-01 12:48:42,638 INFO WEIGHT LAYER 44: ABSAV = 0.243368, SD =0.034949, ABSMAX =0.278317, ABSMIN =0.208419
2019-03-01 12:48:42,639 INFO WEIGHT LAYER 45: ABSAV = 0.140490, SD =0.165466, ABSMAX =0.512042, ABSMIN =0.000091
2019-03-01 12:48:42,639 INFO WEIGHT LAYER 49: ABSAV = 0.087129, SD =0.109866, ABSMAX =0.236782, ABSMIN =0.007977
2019-03-01 12:48:42,640 INFO WEIGHT LAYER 50: ABSAV = 0.115759, SD =0.136011, ABSMAX =0.349065, ABSMIN =0.001203
2019-03-01 12:48:42,640 INFO ------------------
2019-03-01 12:48:42,641 INFO BIAS LAYER 2: ABSAV = 0.045876, SD =0.058842, ABSMAX =0.147346, ABSMIN =0.001448
2019-03-01 12:48:42,643 INFO BIAS LAYER 5: ABSAV = 0.029828, SD =0.038362, ABSMAX =0.102983, ABSMIN =0.000044
2019-03-01 12:48:42,644 INFO BIAS LAYER 8: ABSAV = 0.026936, SD =0.033304, ABSMAX =0.081650, ABSMIN =0.000049
2019-03-01 12:48:42,646 INFO BIAS LAYER 12: ABSAV = 0.016850, SD =0.021851, ABSMAX =0.055657, ABSMIN =0.000055
2019-03-01 12:48:42,648 INFO BIAS LAYER 15: ABSAV = 0.019546, SD =0.024507, ABSMAX =0.063861, ABSMIN =0.000077
2019-03-01 12:48:42,649 INFO BIAS LAYER 19: ABSAV = 0.015233, SD =0.019715, ABSMAX =0.054493, ABSMIN =0.000566
2019-03-01 12:48:42,651 INFO BIAS LAYER 22: ABSAV = 0.014809, SD =0.018184, ABSMAX =0.054439, ABSMIN =0.000037
2019-03-01 12:48:42,654 INFO BIAS LAYER 26: ABSAV = 0.015228, SD =0.019805, ABSMAX =0.057080, ABSMIN =0.000177
2019-03-01 12:48:42,657 INFO BIAS LAYER 29: ABSAV = 0.010091, SD =0.012618, ABSMAX =0.030752, ABSMIN =0.000032
2019-03-01 12:48:42,658 INFO BIAS LAYER 33: ABSAV = 0.014159, SD =0.017813, ABSMAX =0.046350, ABSMIN =0.000361
2019-03-01 12:48:42,660 INFO BIAS LAYER 36: ABSAV = 0.006030, SD =0.007879, ABSMAX =0.024779, ABSMIN =0.000056
2019-03-01 12:48:42,661 INFO BIAS LAYER 40: ABSAV = 0.071853, SD =0.000000, ABSMAX =0.071853, ABSMIN =0.071853
2019-03-01 12:48:42,662 INFO BIAS LAYER 44: ABSAV = 0.171738, SD =0.011978, ABSMAX =0.183716, ABSMIN =0.159760
2019-03-01 12:48:42,664 INFO ******************
2019-03-01 13:36:18,772 INFO WEIGHT LAYER 1: ABSAV = 0.055707, SD =0.128200, ABSMAX =2.149587, ABSMIN =0.000014
2019-03-01 13:36:18,774 INFO WEIGHT LAYER 2: ABSAV = 1.001034, SD =0.044443, ABSMAX =1.154732, ABSMIN =0.902706
2019-03-01 13:36:18,778 INFO WEIGHT LAYER 4: ABSAV = 0.036698, SD =0.049199, ABSMAX =0.593113, ABSMIN =0.000000
2019-03-01 13:36:18,781 INFO WEIGHT LAYER 5: ABSAV = 1.000032, SD =0.039554, ABSMAX =1.084975, ABSMIN =0.902487
2019-03-01 13:36:18,786 INFO WEIGHT LAYER 7: ABSAV = 0.037006, SD =0.048493, ABSMAX =0.402037, ABSMIN =0.000001
2019-03-01 13:36:18,789 INFO WEIGHT LAYER 8: ABSAV = 1.005325, SD =0.048270, ABSMAX =1.172683, ABSMIN =0.899377
2019-03-01 13:36:18,792 INFO WEIGHT LAYER 11: ABSAV = 0.033454, SD =0.042832, ABSMAX =0.393761, ABSMIN =0.000001
2019-03-01 13:36:18,794 INFO WEIGHT LAYER 12: ABSAV = 0.999878, SD =0.030239, ABSMAX =1.067717, ABSMIN =0.944831
2019-03-01 13:36:18,796 INFO WEIGHT LAYER 14: ABSAV = 0.032853, SD =0.041917, ABSMAX =0.307104, ABSMIN =0.000000
2019-03-01 13:36:18,797 INFO WEIGHT LAYER 15: ABSAV = 0.999324, SD =0.034840, ABSMAX =1.092585, ABSMIN =0.911482
2019-03-01 13:36:18,799 INFO WEIGHT LAYER 18: ABSAV = 0.031561, SD =0.039853, ABSMAX =0.316575, ABSMIN =0.000001
2019-03-01 13:36:18,800 INFO WEIGHT LAYER 19: ABSAV = 0.999906, SD =0.027657, ABSMAX =1.056101, ABSMIN =0.934634
2019-03-01 13:36:18,803 INFO WEIGHT LAYER 21: ABSAV = 0.030244, SD =0.037557, ABSMAX =0.209831, ABSMIN =0.000000
2019-03-01 13:36:18,804 INFO WEIGHT LAYER 22: ABSAV = 0.995252, SD =0.027056, ABSMAX =1.087659, ABSMIN =0.934723
2019-03-01 13:36:18,806 INFO WEIGHT LAYER 25: ABSAV = 0.029793, SD =0.037385, ABSMAX =0.378175, ABSMIN =0.000001
2019-03-01 13:36:18,807 INFO WEIGHT LAYER 26: ABSAV = 0.999952, SD =0.022621, ABSMAX =1.038267, ABSMIN =0.923394
2019-03-01 13:36:18,808 INFO WEIGHT LAYER 28: ABSAV = 0.028900, SD =0.035800, ABSMAX =0.222752, ABSMIN =0.000002
2019-03-01 13:36:18,809 INFO WEIGHT LAYER 29: ABSAV = 0.997872, SD =0.018671, ABSMAX =1.037033, ABSMIN =0.960359
2019-03-01 13:36:18,811 INFO WEIGHT LAYER 32: ABSAV = 0.029383, SD =0.036467, ABSMAX =0.306168, ABSMIN =0.000003
2019-03-01 13:36:18,812 INFO WEIGHT LAYER 33: ABSAV = 0.999936, SD =0.026209, ABSMAX =1.079793, ABSMIN =0.934617
2019-03-01 13:36:18,814 INFO WEIGHT LAYER 35: ABSAV = 0.028058, SD =0.034633, ABSMAX =0.226778, ABSMIN =0.000000
2019-03-01 13:36:18,815 INFO WEIGHT LAYER 36: ABSAV = 0.998582, SD =0.022601, ABSMAX =1.089939, ABSMIN =0.951705
2019-03-01 13:36:18,816 INFO WEIGHT LAYER 39: ABSAV = 0.279409, SD =0.285508, ABSMAX =0.701390, ABSMIN =0.000143
2019-03-01 13:36:18,816 INFO WEIGHT LAYER 40: ABSAV = 0.090756, SD =0.000000, ABSMAX =0.090756, ABSMIN =0.090756
2019-03-01 13:36:18,817 INFO WEIGHT LAYER 42: ABSAV = 0.137733, SD =0.147997, ABSMAX =0.343738, ABSMIN =0.000002
2019-03-01 13:36:18,819 INFO WEIGHT LAYER 44: ABSAV = 0.172625, SD =0.032070, ABSMAX =0.204695, ABSMIN =0.140555
2019-03-01 13:36:18,820 INFO WEIGHT LAYER 45: ABSAV = 0.138191, SD =0.162753, ABSMAX =0.504528, ABSMIN =0.000054
2019-03-01 13:36:18,822 INFO WEIGHT LAYER 49: ABSAV = 0.084361, SD =0.104724, ABSMAX =0.215606, ABSMIN =0.016916
2019-03-01 13:36:18,823 INFO WEIGHT LAYER 50: ABSAV = 0.113688, SD =0.133707, ABSMAX =0.359804, ABSMIN =0.001675
2019-03-01 13:36:18,823 INFO ------------------
2019-03-01 13:36:18,824 INFO BIAS LAYER 2: ABSAV = 0.045802, SD =0.058799, ABSMAX =0.147290, ABSMIN =0.001649
2019-03-01 13:36:18,825 INFO BIAS LAYER 5: ABSAV = 0.029832, SD =0.038446, ABSMAX =0.103337, ABSMIN =0.000313
2019-03-01 13:36:18,827 INFO BIAS LAYER 8: ABSAV = 0.027001, SD =0.033385, ABSMAX =0.081057, ABSMIN =0.000216
2019-03-01 13:36:18,829 INFO BIAS LAYER 12: ABSAV = 0.016868, SD =0.021855, ABSMAX =0.056071, ABSMIN =0.000209
2019-03-01 13:36:18,830 INFO BIAS LAYER 15: ABSAV = 0.019526, SD =0.024478, ABSMAX =0.063235, ABSMIN =0.000145
2019-03-01 13:36:18,832 INFO BIAS LAYER 19: ABSAV = 0.015294, SD =0.019768, ABSMAX =0.054501, ABSMIN =0.000987
2019-03-01 13:36:18,833 INFO BIAS LAYER 22: ABSAV = 0.014839, SD =0.018164, ABSMAX =0.053884, ABSMIN =0.000090
2019-03-01 13:36:18,836 INFO BIAS LAYER 26: ABSAV = 0.015200, SD =0.019784, ABSMAX =0.056965, ABSMIN =0.000093
2019-03-01 13:36:18,838 INFO BIAS LAYER 29: ABSAV = 0.010134, SD =0.012645, ABSMAX =0.030425, ABSMIN =0.000193
2019-03-01 13:36:18,840 INFO BIAS LAYER 33: ABSAV = 0.014099, SD =0.017766, ABSMAX =0.046121, ABSMIN =0.000106
2019-03-01 13:36:18,841 INFO BIAS LAYER 36: ABSAV = 0.006033, SD =0.007881, ABSMAX =0.024923, ABSMIN =0.000079
2019-03-01 13:36:18,843 INFO BIAS LAYER 40: ABSAV = 0.000221, SD =0.000000, ABSMAX =0.000221, ABSMIN =0.000221
2019-03-01 13:36:18,844 INFO BIAS LAYER 44: ABSAV = 0.164549, SD =0.015359, ABSMAX =0.179908, ABSMIN =0.149190
2019-03-01 13:36:18,845 INFO ******************
2019-03-01 14:49:48,969 INFO WEIGHT LAYER 1: ABSAV = 0.054829, SD =0.126163, ABSMAX =2.114701, ABSMIN =0.000005
2019-03-01 14:49:48,971 INFO WEIGHT LAYER 2: ABSAV = 1.000258, SD =0.045066, ABSMAX =1.160272, ABSMIN =0.893782
2019-03-01 14:49:48,973 INFO WEIGHT LAYER 4: ABSAV = 0.036114, SD =0.048419, ABSMAX =0.583546, ABSMIN =0.000002
2019-03-01 14:49:48,975 INFO WEIGHT LAYER 5: ABSAV = 1.000043, SD =0.039270, ABSMAX =1.086823, ABSMIN =0.903784
2019-03-01 14:49:48,978 INFO WEIGHT LAYER 7: ABSAV = 0.036417, SD =0.047723, ABSMAX =0.395894, ABSMIN =0.000000
2019-03-01 14:49:48,980 INFO WEIGHT LAYER 8: ABSAV = 1.005472, SD =0.048384, ABSMAX =1.172662, ABSMIN =0.897931
2019-03-01 14:49:48,983 INFO WEIGHT LAYER 11: ABSAV = 0.032921, SD =0.042151, ABSMAX =0.388288, ABSMIN =0.000000
2019-03-01 14:49:48,985 INFO WEIGHT LAYER 12: ABSAV = 0.999874, SD =0.030369, ABSMAX =1.067206, ABSMIN =0.944552
2019-03-01 14:49:48,987 INFO WEIGHT LAYER 14: ABSAV = 0.032330, SD =0.041250, ABSMAX =0.302028, ABSMIN =0.000000
2019-03-01 14:49:48,989 INFO WEIGHT LAYER 15: ABSAV = 0.999378, SD =0.034830, ABSMAX =1.092759, ABSMIN =0.911741
2019-03-01 14:49:48,991 INFO WEIGHT LAYER 18: ABSAV = 0.031058, SD =0.039219, ABSMAX =0.311556, ABSMIN =0.000001
2019-03-01 14:49:48,992 INFO WEIGHT LAYER 19: ABSAV = 0.999902, SD =0.027721, ABSMAX =1.055809, ABSMIN =0.934169
2019-03-01 14:49:48,995 INFO WEIGHT LAYER 21: ABSAV = 0.029762, SD =0.036960, ABSMAX =0.206484, ABSMIN =0.000000
2019-03-01 14:49:48,997 INFO WEIGHT LAYER 22: ABSAV = 0.995323, SD =0.027234, ABSMAX =1.088102, ABSMIN =0.934434
2019-03-01 14:49:48,999 INFO WEIGHT LAYER 25: ABSAV = 0.029319, SD =0.036791, ABSMAX =0.372152, ABSMIN =0.000001
2019-03-01 14:49:49,000 INFO WEIGHT LAYER 26: ABSAV = 0.999951, SD =0.022658, ABSMAX =1.037757, ABSMIN =0.923146
2019-03-01 14:49:49,002 INFO WEIGHT LAYER 28: ABSAV = 0.028440, SD =0.035231, ABSMAX =0.219205, ABSMIN =0.000001
2019-03-01 14:49:49,003 INFO WEIGHT LAYER 29: ABSAV = 0.997964, SD =0.018674, ABSMAX =1.037139, ABSMIN =0.960531
2019-03-01 14:49:49,005 INFO WEIGHT LAYER 32: ABSAV = 0.028916, SD =0.035887, ABSMAX =0.301288, ABSMIN =0.000001
2019-03-01 14:49:49,006 INFO WEIGHT LAYER 33: ABSAV = 0.999935, SD =0.026263, ABSMAX =1.079924, ABSMIN =0.934556
2019-03-01 14:49:49,007 INFO WEIGHT LAYER 35: ABSAV = 0.027612, SD =0.034082, ABSMAX =0.223064, ABSMIN =0.000000
2019-03-01 14:49:49,009 INFO WEIGHT LAYER 36: ABSAV = 0.998681, SD =0.022668, ABSMAX =1.089985, ABSMIN =0.951675
2019-03-01 14:49:49,009 INFO WEIGHT LAYER 39: ABSAV = 0.274784, SD =0.280857, ABSMAX =0.692225, ABSMIN =0.000550
2019-03-01 14:49:49,010 INFO WEIGHT LAYER 40: ABSAV = 0.156416, SD =0.000000, ABSMAX =0.156416, ABSMIN =0.156416
2019-03-01 14:49:49,012 INFO WEIGHT LAYER 42: ABSAV = 0.135315, SD =0.145236, ABSMAX =0.334677, ABSMIN =0.002461
2019-03-01 14:49:49,014 INFO WEIGHT LAYER 44: ABSAV = 0.270579, SD =0.075673, ABSMAX =0.346252, ABSMIN =0.194906
2019-03-01 14:49:49,015 INFO WEIGHT LAYER 45: ABSAV = 0.135929, SD =0.159992, ABSMAX =0.498153, ABSMIN =0.000006
2019-03-01 14:49:49,016 INFO WEIGHT LAYER 49: ABSAV = 0.084191, SD =0.098839, ABSMAX =0.179432, ABSMIN =0.013652
2019-03-01 14:49:49,017 INFO WEIGHT LAYER 50: ABSAV = 0.111126, SD =0.131519, ABSMAX =0.343246, ABSMIN =0.000749
2019-03-01 14:49:49,017 INFO ------------------
2019-03-01 14:49:49,018 INFO BIAS LAYER 2: ABSAV = 0.045817, SD =0.058802, ABSMAX =0.147130, ABSMIN =0.001391
2019-03-01 14:49:49,020 INFO BIAS LAYER 5: ABSAV = 0.029735, SD =0.038421, ABSMAX =0.103639, ABSMIN =0.000363
2019-03-01 14:49:49,021 INFO BIAS LAYER 8: ABSAV = 0.027108, SD =0.033576, ABSMAX =0.079692, ABSMIN =0.000620
2019-03-01 14:49:49,023 INFO BIAS LAYER 12: ABSAV = 0.016903, SD =0.021856, ABSMAX =0.056133, ABSMIN =0.000099
2019-03-01 14:49:49,024 INFO BIAS LAYER 15: ABSAV = 0.019552, SD =0.024493, ABSMAX =0.062492, ABSMIN =0.000406
2019-03-01 14:49:49,025 INFO BIAS LAYER 19: ABSAV = 0.015363, SD =0.019874, ABSMAX =0.054887, ABSMIN =0.000887
2019-03-01 14:49:49,029 INFO BIAS LAYER 22: ABSAV = 0.014910, SD =0.018164, ABSMAX =0.053226, ABSMIN =0.000104
2019-03-01 14:49:49,031 INFO BIAS LAYER 26: ABSAV = 0.015162, SD =0.019770, ABSMAX =0.056861, ABSMIN =0.000016
2019-03-01 14:49:49,032 INFO BIAS LAYER 29: ABSAV = 0.010153, SD =0.012642, ABSMAX =0.030062, ABSMIN =0.000001
2019-03-01 14:49:49,034 INFO BIAS LAYER 33: ABSAV = 0.014059, SD =0.017731, ABSMAX =0.046008, ABSMIN =0.000392
2019-03-01 14:49:49,035 INFO BIAS LAYER 36: ABSAV = 0.006076, SD =0.007871, ABSMAX =0.024708, ABSMIN =0.000183
2019-03-01 14:49:49,036 INFO BIAS LAYER 40: ABSAV = 0.005961, SD =0.000000, ABSMAX =0.005961, ABSMIN =0.005961
2019-03-01 14:49:49,038 INFO BIAS LAYER 44: ABSAV = 0.100930, SD =0.049528, ABSMAX =0.150459, ABSMIN =0.051402
2019-03-01 14:49:49,040 INFO ******************
2019-03-01 15:09:41,310 INFO WEIGHT LAYER 1: ABSAV = 0.053948, SD =0.124160, ABSMAX =2.080964, ABSMIN =0.000004
2019-03-01 15:09:41,313 INFO WEIGHT LAYER 2: ABSAV = 0.999747, SD =0.045865, ABSMAX =1.164116, ABSMIN =0.887180
2019-03-01 15:09:41,319 INFO WEIGHT LAYER 4: ABSAV = 0.035540, SD =0.047652, ABSMAX =0.574275, ABSMIN =0.000000
2019-03-01 15:09:41,322 INFO WEIGHT LAYER 5: ABSAV = 1.000052, SD =0.039016, ABSMAX =1.088003, ABSMIN =0.904781
2019-03-01 15:09:41,326 INFO WEIGHT LAYER 7: ABSAV = 0.035840, SD =0.046967, ABSMAX =0.390056, ABSMIN =0.000000
2019-03-01 15:09:41,328 INFO WEIGHT LAYER 8: ABSAV = 1.005669, SD =0.048496, ABSMAX =1.172443, ABSMIN =0.896659
2019-03-01 15:09:41,329 INFO WEIGHT LAYER 11: ABSAV = 0.032398, SD =0.041481, ABSMAX =0.382674, ABSMIN =0.000000
2019-03-01 15:09:41,331 INFO WEIGHT LAYER 12: ABSAV = 0.999870, SD =0.030447, ABSMAX =1.066724, ABSMIN =0.944784
2019-03-01 15:09:41,333 INFO WEIGHT LAYER 14: ABSAV = 0.031816, SD =0.040595, ABSMAX =0.297125, ABSMIN =0.000000
2019-03-01 15:09:41,336 INFO WEIGHT LAYER 15: ABSAV = 0.999315, SD =0.034782, ABSMAX =1.092029, ABSMIN =0.911852
2019-03-01 15:09:41,338 INFO WEIGHT LAYER 18: ABSAV = 0.030564, SD =0.038596, ABSMAX =0.306697, ABSMIN =0.000000
2019-03-01 15:09:41,340 INFO WEIGHT LAYER 19: ABSAV = 0.999900, SD =0.027752, ABSMAX =1.055461, ABSMIN =0.934200
2019-03-01 15:09:41,342 INFO WEIGHT LAYER 21: ABSAV = 0.029289, SD =0.036372, ABSMAX =0.203247, ABSMIN =0.000001
2019-03-01 15:09:41,343 INFO WEIGHT LAYER 22: ABSAV = 0.995393, SD =0.027299, ABSMAX =1.088140, ABSMIN =0.934574
2019-03-01 15:09:41,344 INFO WEIGHT LAYER 25: ABSAV = 0.028853, SD =0.036206, ABSMAX =0.366239, ABSMIN =0.000000
2019-03-01 15:09:41,345 INFO WEIGHT LAYER 26: ABSAV = 0.999952, SD =0.022637, ABSMAX =1.037217, ABSMIN =0.923028
2019-03-01 15:09:41,347 INFO WEIGHT LAYER 28: ABSAV = 0.027988, SD =0.034671, ABSMAX =0.215774, ABSMIN =0.000001
2019-03-01 15:09:41,348 INFO WEIGHT LAYER 29: ABSAV = 0.997955, SD =0.018740, ABSMAX =1.036651, ABSMIN =0.960904
2019-03-01 15:09:41,350 INFO WEIGHT LAYER 32: ABSAV = 0.028456, SD =0.035317, ABSMAX =0.296481, ABSMIN =0.000000
2019-03-01 15:09:41,352 INFO WEIGHT LAYER 33: ABSAV = 0.999934, SD =0.026331, ABSMAX =1.080616, ABSMIN =0.934717
2019-03-01 15:09:41,353 INFO WEIGHT LAYER 35: ABSAV = 0.027173, SD =0.033540, ABSMAX =0.219389, ABSMIN =0.000001
2019-03-01 15:09:41,354 INFO WEIGHT LAYER 36: ABSAV = 0.998755, SD =0.022804, ABSMAX =1.089945, ABSMIN =0.950991
2019-03-01 15:09:41,355 INFO WEIGHT LAYER 39: ABSAV = 0.270265, SD =0.276285, ABSMAX =0.681610, ABSMIN =0.000826
2019-03-01 15:09:41,356 INFO WEIGHT LAYER 40: ABSAV = 0.082508, SD =0.000000, ABSMAX =0.082508, ABSMIN =0.082508
2019-03-01 15:09:41,357 INFO WEIGHT LAYER 42: ABSAV = 0.133018, SD =0.141821, ABSMAX =0.332390, ABSMIN =0.002796
2019-03-01 15:09:41,357 INFO WEIGHT LAYER 44: ABSAV = 0.302804, SD =0.018231, ABSMAX =0.321034, ABSMIN =0.284573
2019-03-01 15:09:41,358 INFO WEIGHT LAYER 45: ABSAV = 0.133487, SD =0.157108, ABSMAX =0.492782, ABSMIN =0.000023
2019-03-01 15:09:41,359 INFO WEIGHT LAYER 49: ABSAV = 0.067790, SD =0.086132, ABSMAX =0.166451, ABSMIN =0.004672
2019-03-01 15:09:41,360 INFO WEIGHT LAYER 50: ABSAV = 0.111096, SD =0.130740, ABSMAX =0.352828, ABSMIN =0.000415
2019-03-01 15:09:41,360 INFO ------------------
2019-03-01 15:09:41,361 INFO BIAS LAYER 2: ABSAV = 0.045830, SD =0.058766, ABSMAX =0.146930, ABSMIN =0.002548
2019-03-01 15:09:41,362 INFO BIAS LAYER 5: ABSAV = 0.029679, SD =0.038447, ABSMAX =0.104154, ABSMIN =0.000650
2019-03-01 15:09:41,364 INFO BIAS LAYER 8: ABSAV = 0.027168, SD =0.033684, ABSMAX =0.078863, ABSMIN =0.000970
2019-03-01 15:09:41,366 INFO BIAS LAYER 12: ABSAV = 0.016953, SD =0.021879, ABSMAX =0.056145, ABSMIN =0.000077
2019-03-01 15:09:41,368 INFO BIAS LAYER 15: ABSAV = 0.019499, SD =0.024455, ABSMAX =0.061893, ABSMIN =0.000363
2019-03-01 15:09:41,371 INFO BIAS LAYER 19: ABSAV = 0.015398, SD =0.019932, ABSMAX =0.054830, ABSMIN =0.000610
2019-03-01 15:09:41,373 INFO BIAS LAYER 22: ABSAV = 0.014941, SD =0.018167, ABSMAX =0.052580, ABSMIN =0.000137
2019-03-01 15:09:41,375 INFO BIAS LAYER 26: ABSAV = 0.015141, SD =0.019757, ABSMAX =0.056967, ABSMIN =0.000262
2019-03-01 15:09:41,376 INFO BIAS LAYER 29: ABSAV = 0.010219, SD =0.012727, ABSMAX =0.029717, ABSMIN =0.000013
2019-03-01 15:09:41,378 INFO BIAS LAYER 33: ABSAV = 0.014006, SD =0.017694, ABSMAX =0.045814, ABSMIN =0.000550
2019-03-01 15:09:41,380 INFO BIAS LAYER 36: ABSAV = 0.006127, SD =0.007885, ABSMAX =0.025152, ABSMIN =0.000004
2019-03-01 15:09:41,381 INFO BIAS LAYER 40: ABSAV = 0.047280, SD =0.000000, ABSMAX =0.047280, ABSMIN =0.047280
2019-03-01 15:09:41,382 INFO BIAS LAYER 44: ABSAV = 0.173745, SD =0.043515, ABSMAX =0.217260, ABSMIN =0.130230
2019-03-01 15:09:41,385 INFO ******************
2019-03-01 16:18:59,543 INFO WEIGHT LAYER 1: ABSAV = 0.053085, SD =0.122190, ABSMAX =2.047690, ABSMIN =0.000002
2019-03-01 16:18:59,547 INFO WEIGHT LAYER 2: ABSAV = 0.999362, SD =0.046796, ABSMAX =1.165175, ABSMIN =0.880579
2019-03-01 16:18:59,551 INFO WEIGHT LAYER 4: ABSAV = 0.034979, SD =0.046901, ABSMAX =0.565025, ABSMIN =0.000000
2019-03-01 16:18:59,553 INFO WEIGHT LAYER 5: ABSAV = 1.000051, SD =0.038936, ABSMAX =1.088958, ABSMIN =0.904213
2019-03-01 16:18:59,557 INFO WEIGHT LAYER 7: ABSAV = 0.035272, SD =0.046226, ABSMAX =0.384046, ABSMIN =0.000000
2019-03-01 16:18:59,560 INFO WEIGHT LAYER 8: ABSAV = 1.005846, SD =0.048481, ABSMAX =1.171118, ABSMIN =0.895848
2019-03-01 16:18:59,563 INFO WEIGHT LAYER 11: ABSAV = 0.031883, SD =0.040823, ABSMAX =0.377039, ABSMIN =0.000000
2019-03-01 16:18:59,565 INFO WEIGHT LAYER 12: ABSAV = 0.999864, SD =0.030599, ABSMAX =1.066763, ABSMIN =0.944836
2019-03-01 16:18:59,567 INFO WEIGHT LAYER 14: ABSAV = 0.031311, SD =0.039951, ABSMAX =0.292431, ABSMIN =0.000000
2019-03-01 16:18:59,569 INFO WEIGHT LAYER 15: ABSAV = 0.999302, SD =0.034704, ABSMAX =1.091702, ABSMIN =0.911820
2019-03-01 16:18:59,571 INFO WEIGHT LAYER 18: ABSAV = 0.030078, SD =0.037982, ABSMAX =0.301869, ABSMIN =0.000000
2019-03-01 16:18:59,572 INFO WEIGHT LAYER 19: ABSAV = 0.999900, SD =0.027737, ABSMAX =1.055484, ABSMIN =0.934556
2019-03-01 16:18:59,574 INFO WEIGHT LAYER 21: ABSAV = 0.028823, SD =0.035794, ABSMAX =0.200049, ABSMIN =0.000001
2019-03-01 16:18:59,576 INFO WEIGHT LAYER 22: ABSAV = 0.995385, SD =0.027363, ABSMAX =1.088311, ABSMIN =0.934571
2019-03-01 16:18:59,579 INFO WEIGHT LAYER 25: ABSAV = 0.028394, SD =0.035630, ABSMAX =0.360417, ABSMIN =0.000001
2019-03-01 16:18:59,580 INFO WEIGHT LAYER 26: ABSAV = 0.999951, SD =0.022642, ABSMAX =1.037199, ABSMIN =0.923092
2019-03-01 16:18:59,582 INFO WEIGHT LAYER 28: ABSAV = 0.027543, SD =0.034119, ABSMAX =0.212300, ABSMIN =0.000002
2019-03-01 16:18:59,583 INFO WEIGHT LAYER 29: ABSAV = 0.997956, SD =0.018780, ABSMAX =1.037293, ABSMIN =0.960867
2019-03-01 16:18:59,585 INFO WEIGHT LAYER 32: ABSAV = 0.028004, SD =0.034755, ABSMAX =0.291759, ABSMIN =0.000001
2019-03-01 16:18:59,586 INFO WEIGHT LAYER 33: ABSAV = 0.999936, SD =0.026301, ABSMAX =1.080503, ABSMIN =0.934800
2019-03-01 16:18:59,587 INFO WEIGHT LAYER 35: ABSAV = 0.026741, SD =0.033007, ABSMAX =0.215848, ABSMIN =0.000000
2019-03-01 16:18:59,588 INFO WEIGHT LAYER 36: ABSAV = 0.998814, SD =0.022830, ABSMAX =1.090055, ABSMIN =0.951304
2019-03-01 16:18:59,589 INFO WEIGHT LAYER 39: ABSAV = 0.265977, SD =0.271892, ABSMAX =0.669954, ABSMIN =0.000916
2019-03-01 16:18:59,591 INFO WEIGHT LAYER 40: ABSAV = 0.015069, SD =0.000000, ABSMAX =0.015069, ABSMIN =0.015069
2019-03-01 16:18:59,592 INFO WEIGHT LAYER 42: ABSAV = 0.130932, SD =0.139538, ABSMAX =0.325889, ABSMIN =0.001799
2019-03-01 16:18:59,593 INFO WEIGHT LAYER 44: ABSAV = 0.221122, SD =0.033673, ABSMAX =0.254794, ABSMIN =0.187449
2019-03-01 16:18:59,594 INFO WEIGHT LAYER 45: ABSAV = 0.131311, SD =0.154591, ABSMAX =0.484699, ABSMIN =0.000383
2019-03-01 16:18:59,595 INFO WEIGHT LAYER 49: ABSAV = 0.063308, SD =0.084276, ABSMAX =0.189040, ABSMIN =0.000068
2019-03-01 16:18:59,595 INFO WEIGHT LAYER 50: ABSAV = 0.108497, SD =0.127883, ABSMAX =0.331120, ABSMIN =0.000247
2019-03-01 16:18:59,595 INFO ------------------
2019-03-01 16:18:59,597 INFO BIAS LAYER 2: ABSAV = 0.045592, SD =0.058614, ABSMAX =0.146905, ABSMIN =0.000896
2019-03-01 16:18:59,598 INFO BIAS LAYER 5: ABSAV = 0.029736, SD =0.038614, ABSMAX =0.104532, ABSMIN =0.000675
2019-03-01 16:18:59,600 INFO BIAS LAYER 8: ABSAV = 0.027146, SD =0.033667, ABSMAX =0.078164, ABSMIN =0.001160
2019-03-01 16:18:59,601 INFO BIAS LAYER 12: ABSAV = 0.017043, SD =0.021945, ABSMAX =0.056245, ABSMIN =0.000143
2019-03-01 16:18:59,603 INFO BIAS LAYER 15: ABSAV = 0.019562, SD =0.024524, ABSMAX =0.061463, ABSMIN =0.000306
2019-03-01 16:18:59,605 INFO BIAS LAYER 19: ABSAV = 0.015393, SD =0.019968, ABSMAX =0.054897, ABSMIN =0.000538
2019-03-01 16:18:59,606 INFO BIAS LAYER 22: ABSAV = 0.015004, SD =0.018209, ABSMAX =0.052240, ABSMIN =0.000092
2019-03-01 16:18:59,610 INFO BIAS LAYER 26: ABSAV = 0.015137, SD =0.019750, ABSMAX =0.056970, ABSMIN =0.000087
2019-03-01 16:18:59,613 INFO BIAS LAYER 29: ABSAV = 0.010293, SD =0.012788, ABSMAX =0.029311, ABSMIN =0.000042
2019-03-01 16:18:59,615 INFO BIAS LAYER 33: ABSAV = 0.013947, SD =0.017636, ABSMAX =0.045624, ABSMIN =0.001089
2019-03-01 16:18:59,617 INFO BIAS LAYER 36: ABSAV = 0.006157, SD =0.007864, ABSMAX =0.024895, ABSMIN =0.000097
2019-03-01 16:18:59,618 INFO BIAS LAYER 40: ABSAV = 0.077962, SD =0.000000, ABSMAX =0.077962, ABSMIN =0.077962
2019-03-01 16:18:59,620 INFO BIAS LAYER 44: ABSAV = 0.162052, SD =0.031610, ABSMAX =0.193662, ABSMIN =0.130442
2019-03-01 16:18:59,621 INFO ******************
2019-03-01 17:19:37,081 INFO WEIGHT LAYER 1: ABSAV = 0.052252, SD =0.120260, ABSMAX =2.014422, ABSMIN =0.000015
2019-03-01 17:19:37,084 INFO WEIGHT LAYER 2: ABSAV = 0.999132, SD =0.048322, ABSMAX =1.170090, ABSMIN =0.875192
2019-03-01 17:19:37,089 INFO WEIGHT LAYER 4: ABSAV = 0.034435, SD =0.046174, ABSMAX =0.555614, ABSMIN =0.000000
2019-03-01 17:19:37,092 INFO WEIGHT LAYER 5: ABSAV = 1.000067, SD =0.038701, ABSMAX =1.088939, ABSMIN =0.902398
2019-03-01 17:19:37,097 INFO WEIGHT LAYER 7: ABSAV = 0.034723, SD =0.045506, ABSMAX =0.378201, ABSMIN =0.000001
2019-03-01 17:19:37,100 INFO WEIGHT LAYER 8: ABSAV = 1.005677, SD =0.048692, ABSMAX =1.170248, ABSMIN =0.894746
2019-03-01 17:19:37,103 INFO WEIGHT LAYER 11: ABSAV = 0.031381, SD =0.040179, ABSMAX =0.371353, ABSMIN =0.000000
2019-03-01 17:19:37,105 INFO WEIGHT LAYER 12: ABSAV = 0.999848, SD =0.031022, ABSMAX =1.068125, ABSMIN =0.944421
2019-03-01 17:19:37,107 INFO WEIGHT LAYER 14: ABSAV = 0.030814, SD =0.039319, ABSMAX =0.287645, ABSMIN =0.000001
2019-03-01 17:19:37,108 INFO WEIGHT LAYER 15: ABSAV = 0.999295, SD =0.034566, ABSMAX =1.092020, ABSMIN =0.911809
2019-03-01 17:19:37,110 INFO WEIGHT LAYER 18: ABSAV = 0.029601, SD =0.037380, ABSMAX =0.297015, ABSMIN =0.000000
2019-03-01 17:19:37,112 INFO WEIGHT LAYER 19: ABSAV = 0.999900, SD =0.027700, ABSMAX =1.055144, ABSMIN =0.935654
2019-03-01 17:19:37,114 INFO WEIGHT LAYER 21: ABSAV = 0.028366, SD =0.035226, ABSMAX =0.196970, ABSMIN =0.000000
2019-03-01 17:19:37,116 INFO WEIGHT LAYER 22: ABSAV = 0.995416, SD =0.027335, ABSMAX =1.087874, ABSMIN =0.935243
2019-03-01 17:19:37,117 INFO WEIGHT LAYER 25: ABSAV = 0.027942, SD =0.035064, ABSMAX =0.354695, ABSMIN =0.000000
2019-03-01 17:19:37,118 INFO WEIGHT LAYER 26: ABSAV = 0.999953, SD =0.022583, ABSMAX =1.036942, ABSMIN =0.923647
2019-03-01 17:19:37,120 INFO WEIGHT LAYER 28: ABSAV = 0.027105, SD =0.033577, ABSMAX =0.208910, ABSMIN =0.000000
2019-03-01 17:19:37,121 INFO WEIGHT LAYER 29: ABSAV = 0.997965, SD =0.018811, ABSMAX =1.037063, ABSMIN =0.960871
2019-03-01 17:19:37,122 INFO WEIGHT LAYER 32: ABSAV = 0.027559, SD =0.034203, ABSMAX =0.287122, ABSMIN =0.000002
2019-03-01 17:19:37,123 INFO WEIGHT LAYER 33: ABSAV = 0.999936, SD =0.026331, ABSMAX =1.080630, ABSMIN =0.934879
2019-03-01 17:19:37,125 INFO WEIGHT LAYER 35: ABSAV = 0.026316, SD =0.032483, ABSMAX =0.212447, ABSMIN =0.000000
2019-03-01 17:19:37,126 INFO WEIGHT LAYER 36: ABSAV = 0.998993, SD =0.022993, ABSMAX =1.090084, ABSMIN =0.951162
2019-03-01 17:19:37,127 INFO WEIGHT LAYER 39: ABSAV = 0.261748, SD =0.267569, ABSMAX =0.659348, ABSMIN =0.000899
2019-03-01 17:19:37,127 INFO WEIGHT LAYER 40: ABSAV = 0.007686, SD =0.000000, ABSMAX =0.007686, ABSMIN =0.007686
2019-03-01 17:19:37,128 INFO WEIGHT LAYER 42: ABSAV = 0.128835, SD =0.136025, ABSMAX =0.320669, ABSMIN =0.005963
2019-03-01 17:19:37,130 INFO WEIGHT LAYER 44: ABSAV = 0.222005, SD =0.015566, ABSMAX =0.237570, ABSMIN =0.206439
2019-03-01 17:19:37,131 INFO WEIGHT LAYER 45: ABSAV = 0.129220, SD =0.152105, ABSMAX =0.477142, ABSMIN =0.000167
2019-03-01 17:19:37,133 INFO WEIGHT LAYER 49: ABSAV = 0.061976, SD =0.081984, ABSMAX =0.187736, ABSMIN =0.002641
2019-03-01 17:19:37,134 INFO WEIGHT LAYER 50: ABSAV = 0.107261, SD =0.126117, ABSMAX =0.325350, ABSMIN =0.000632
2019-03-01 17:19:37,134 INFO ------------------
2019-03-01 17:19:37,135 INFO BIAS LAYER 2: ABSAV = 0.045239, SD =0.058382, ABSMAX =0.147168, ABSMIN =0.000645
2019-03-01 17:19:37,137 INFO BIAS LAYER 5: ABSAV = 0.029750, SD =0.038609, ABSMAX =0.104786, ABSMIN =0.000196
2019-03-01 17:19:37,139 INFO BIAS LAYER 8: ABSAV = 0.027011, SD =0.033667, ABSMAX =0.077886, ABSMIN =0.000377
2019-03-01 17:19:37,140 INFO BIAS LAYER 12: ABSAV = 0.017124, SD =0.022095, ABSMAX =0.056220, ABSMIN =0.000033
2019-03-01 17:19:37,142 INFO BIAS LAYER 15: ABSAV = 0.019602, SD =0.024572, ABSMAX =0.060468, ABSMIN =0.000277
2019-03-01 17:19:37,143 INFO BIAS LAYER 19: ABSAV = 0.015399, SD =0.020000, ABSMAX =0.055115, ABSMIN =0.000099
2019-03-01 17:19:37,145 INFO BIAS LAYER 22: ABSAV = 0.015106, SD =0.018294, ABSMAX =0.051428, ABSMIN =0.000142
2019-03-01 17:19:37,148 INFO BIAS LAYER 26: ABSAV = 0.015109, SD =0.019719, ABSMAX =0.056939, ABSMIN =0.000030
2019-03-01 17:19:37,150 INFO BIAS LAYER 29: ABSAV = 0.010396, SD =0.012875, ABSMAX =0.028730, ABSMIN =0.000031
2019-03-01 17:19:37,151 INFO BIAS LAYER 33: ABSAV = 0.013886, SD =0.017580, ABSMAX =0.045605, ABSMIN =0.001124
2019-03-01 17:19:37,153 INFO BIAS LAYER 36: ABSAV = 0.006196, SD =0.007811, ABSMAX =0.024354, ABSMIN =0.000094
2019-03-01 17:19:37,154 INFO BIAS LAYER 40: ABSAV = 0.030631, SD =0.000000, ABSMAX =0.030631, ABSMIN =0.030631
2019-03-01 17:19:37,156 INFO BIAS LAYER 44: ABSAV = 0.145679, SD =0.010685, ABSMAX =0.156364, ABSMIN =0.134994
2019-03-01 17:19:37,157 INFO ******************
2019-03-01 17:56:51,422 INFO WEIGHT LAYER 1: ABSAV = 0.051433, SD =0.118357, ABSMAX =1.981633, ABSMIN =0.000020
2019-03-01 17:56:51,425 INFO WEIGHT LAYER 2: ABSAV = 0.998171, SD =0.049229, ABSMAX =1.175228, ABSMIN =0.868466
2019-03-01 17:56:51,429 INFO WEIGHT LAYER 4: ABSAV = 0.033895, SD =0.045449, ABSMAX =0.546810, ABSMIN =0.000000
2019-03-01 17:56:51,434 INFO WEIGHT LAYER 5: ABSAV = 1.000081, SD =0.038436, ABSMAX =1.090879, ABSMIN =0.908341
2019-03-01 17:56:51,438 INFO WEIGHT LAYER 7: ABSAV = 0.034176, SD =0.044791, ABSMAX =0.372917, ABSMIN =0.000000
2019-03-01 17:56:51,441 INFO WEIGHT LAYER 8: ABSAV = 1.006083, SD =0.049308, ABSMAX =1.171438, ABSMIN =0.893887
2019-03-01 17:56:51,445 INFO WEIGHT LAYER 11: ABSAV = 0.030883, SD =0.039545, ABSMAX =0.365476, ABSMIN =0.000002
2019-03-01 17:56:51,448 INFO WEIGHT LAYER 12: ABSAV = 0.999850, SD =0.030952, ABSMAX =1.068883, ABSMIN =0.945239
2019-03-01 17:56:51,450 INFO WEIGHT LAYER 14: ABSAV = 0.030325, SD =0.038695, ABSMAX =0.282998, ABSMIN =0.000000
2019-03-01 17:56:51,452 INFO WEIGHT LAYER 15: ABSAV = 0.999276, SD =0.034615, ABSMAX =1.091826, ABSMIN =0.911797
2019-03-01 17:56:51,454 INFO WEIGHT LAYER 18: ABSAV = 0.029131, SD =0.036786, ABSMAX =0.292297, ABSMIN =0.000002
2019-03-01 17:56:51,456 INFO WEIGHT LAYER 19: ABSAV = 0.999895, SD =0.027808, ABSMAX =1.054692, ABSMIN =0.935181
2019-03-01 17:56:51,457 INFO WEIGHT LAYER 21: ABSAV = 0.027915, SD =0.034667, ABSMAX =0.193849, ABSMIN =0.000000
2019-03-01 17:56:51,459 INFO WEIGHT LAYER 22: ABSAV = 0.995473, SD =0.027457, ABSMAX =1.088320, ABSMIN =0.934456
2019-03-01 17:56:51,461 INFO WEIGHT LAYER 25: ABSAV = 0.027498, SD =0.034506, ABSMAX =0.349046, ABSMIN =0.000000
2019-03-01 17:56:51,462 INFO WEIGHT LAYER 26: ABSAV = 0.999950, SD =0.022649, ABSMAX =1.036683, ABSMIN =0.922774
2019-03-01 17:56:51,464 INFO WEIGHT LAYER 28: ABSAV = 0.026674, SD =0.033043, ABSMAX =0.205433, ABSMIN =0.000000
2019-03-01 17:56:51,465 INFO WEIGHT LAYER 29: ABSAV = 0.998122, SD =0.018855, ABSMAX =1.037125, ABSMIN =0.961057
2019-03-01 17:56:51,466 INFO WEIGHT LAYER 32: ABSAV = 0.027120, SD =0.033659, ABSMAX =0.282554, ABSMIN =0.000001
2019-03-01 17:56:51,467 INFO WEIGHT LAYER 33: ABSAV = 0.999936, SD =0.026342, ABSMAX =1.080799, ABSMIN =0.934953
2019-03-01 17:56:51,469 INFO WEIGHT LAYER 35: ABSAV = 0.025898, SD =0.031966, ABSMAX =0.209006, ABSMIN =0.000001
2019-03-01 17:56:51,470 INFO WEIGHT LAYER 36: ABSAV = 0.999106, SD =0.023126, ABSMAX =1.090213, ABSMIN =0.950866
2019-03-01 17:56:51,471 INFO WEIGHT LAYER 39: ABSAV = 0.257587, SD =0.263313, ABSMAX =0.648869, ABSMIN =0.000877
2019-03-01 17:56:51,471 INFO WEIGHT LAYER 40: ABSAV = 0.011110, SD =0.000000, ABSMAX =0.011110, ABSMIN =0.011110
2019-03-01 17:56:51,472 INFO WEIGHT LAYER 42: ABSAV = 0.126554, SD =0.133061, ABSMAX =0.320970, ABSMIN =0.003961
2019-03-01 17:56:51,473 INFO WEIGHT LAYER 44: ABSAV = 0.269407, SD =0.054898, ABSMAX =0.324305, ABSMIN =0.214508
2019-03-01 17:56:51,474 INFO WEIGHT LAYER 45: ABSAV = 0.127180, SD =0.149696, ABSMAX =0.469414, ABSMIN =0.000615
2019-03-01 17:56:51,474 INFO WEIGHT LAYER 49: ABSAV = 0.060323, SD =0.081401, ABSMAX =0.174859, ABSMIN =0.000490
2019-03-01 17:56:51,475 INFO WEIGHT LAYER 50: ABSAV = 0.105404, SD =0.125159, ABSMAX =0.351976, ABSMIN =0.000675
2019-03-01 17:56:51,475 INFO ------------------
2019-03-01 17:56:51,477 INFO BIAS LAYER 2: ABSAV = 0.045286, SD =0.058495, ABSMAX =0.148506, ABSMIN =0.000133
2019-03-01 17:56:51,478 INFO BIAS LAYER 5: ABSAV = 0.029702, SD =0.038601, ABSMAX =0.106327, ABSMIN =0.000049
2019-03-01 17:56:51,480 INFO BIAS LAYER 8: ABSAV = 0.027067, SD =0.033811, ABSMAX =0.077356, ABSMIN =0.000139
2019-03-01 17:56:51,481 INFO BIAS LAYER 12: ABSAV = 0.017303, SD =0.022147, ABSMAX =0.056330, ABSMIN =0.000590
2019-03-01 17:56:51,483 INFO BIAS LAYER 15: ABSAV = 0.019660, SD =0.024673, ABSMAX =0.060725, ABSMIN =0.000008
2019-03-01 17:56:51,484 INFO BIAS LAYER 19: ABSAV = 0.015503, SD =0.020124, ABSMAX =0.055485, ABSMIN =0.000044
2019-03-01 17:56:51,486 INFO BIAS LAYER 22: ABSAV = 0.015176, SD =0.018310, ABSMAX =0.051086, ABSMIN =0.000446
2019-03-01 17:56:51,488 INFO BIAS LAYER 26: ABSAV = 0.015157, SD =0.019756, ABSMAX =0.056999, ABSMIN =0.000018
2019-03-01 17:56:51,490 INFO BIAS LAYER 29: ABSAV = 0.010466, SD =0.012896, ABSMAX =0.028527, ABSMIN =0.000077
2019-03-01 17:56:51,491 INFO BIAS LAYER 33: ABSAV = 0.013828, SD =0.017532, ABSMAX =0.045573, ABSMIN =0.000963
2019-03-01 17:56:51,493 INFO BIAS LAYER 36: ABSAV = 0.006309, SD =0.007851, ABSMAX =0.024414, ABSMIN =0.000126
2019-03-01 17:56:51,494 INFO BIAS LAYER 40: ABSAV = 0.067537, SD =0.000000, ABSMAX =0.067537, ABSMIN =0.067537
2019-03-01 17:56:51,495 INFO BIAS LAYER 44: ABSAV = 0.176014, SD =0.000677, ABSMAX =0.176690, ABSMIN =0.175337
2019-03-01 17:56:51,497 INFO ******************
2019-03-01 18:20:08,030 INFO WEIGHT LAYER 1: ABSAV = 0.050628, SD =0.116484, ABSMAX =1.949577, ABSMIN =0.000008
2019-03-01 18:20:08,034 INFO WEIGHT LAYER 2: ABSAV = 0.997816, SD =0.050204, ABSMAX =1.180252, ABSMIN =0.865009
2019-03-01 18:20:08,040 INFO WEIGHT LAYER 4: ABSAV = 0.033363, SD =0.044736, ABSMAX =0.538058, ABSMIN =0.000000
2019-03-01 18:20:08,043 INFO WEIGHT LAYER 5: ABSAV = 1.000077, SD =0.038415, ABSMAX =1.092976, ABSMIN =0.908086
2019-03-01 18:20:08,047 INFO WEIGHT LAYER 7: ABSAV = 0.033640, SD =0.044087, ABSMAX =0.367154, ABSMIN =0.000004
2019-03-01 18:20:08,049 INFO WEIGHT LAYER 8: ABSAV = 1.006038, SD =0.049331, ABSMAX =1.173675, ABSMIN =0.893632
2019-03-01 18:20:08,053 INFO WEIGHT LAYER 11: ABSAV = 0.030394, SD =0.038920, ABSMAX =0.359839, ABSMIN =0.000000
2019-03-01 18:20:08,055 INFO WEIGHT LAYER 12: ABSAV = 0.999844, SD =0.031046, ABSMAX =1.068960, ABSMIN =0.944711
2019-03-01 18:20:08,057 INFO WEIGHT LAYER 14: ABSAV = 0.029845, SD =0.038082, ABSMAX =0.278491, ABSMIN =0.000000
2019-03-01 18:20:08,059 INFO WEIGHT LAYER 15: ABSAV = 0.999267, SD =0.034647, ABSMAX =1.091467, ABSMIN =0.911472
2019-03-01 18:20:08,060 INFO WEIGHT LAYER 18: ABSAV = 0.028670, SD =0.036202, ABSMAX =0.287779, ABSMIN =0.000000
2019-03-01 18:20:08,062 INFO WEIGHT LAYER 19: ABSAV = 0.999891, SD =0.027817, ABSMAX =1.055618, ABSMIN =0.935966
2019-03-01 18:20:08,064 INFO WEIGHT LAYER 21: ABSAV = 0.027472, SD =0.034116, ABSMAX =0.190749, ABSMIN =0.000001
2019-03-01 18:20:08,065 INFO WEIGHT LAYER 22: ABSAV = 0.995586, SD =0.027575, ABSMAX =1.088340, ABSMIN =0.933439
2019-03-01 18:20:08,068 INFO WEIGHT LAYER 25: ABSAV = 0.027061, SD =0.033958, ABSMAX =0.343505, ABSMIN =0.000000
2019-03-01 18:20:08,070 INFO WEIGHT LAYER 26: ABSAV = 0.999950, SD =0.022664, ABSMAX =1.036911, ABSMIN =0.922714
2019-03-01 18:20:08,071 INFO WEIGHT LAYER 28: ABSAV = 0.026249, SD =0.032517, ABSMAX =0.202309, ABSMIN =0.000001
2019-03-01 18:20:08,073 INFO WEIGHT LAYER 29: ABSAV = 0.998137, SD =0.018879, ABSMAX =1.037310, ABSMIN =0.960739
2019-03-01 18:20:08,074 INFO WEIGHT LAYER 32: ABSAV = 0.026689, SD =0.033124, ABSMAX =0.278065, ABSMIN =0.000000
2019-03-01 18:20:08,075 INFO WEIGHT LAYER 33: ABSAV = 0.999937, SD =0.026320, ABSMAX =1.080723, ABSMIN =0.935069
2019-03-01 18:20:08,077 INFO WEIGHT LAYER 35: ABSAV = 0.025486, SD =0.031458, ABSMAX =0.205621, ABSMIN =0.000001
2019-03-01 18:20:08,078 INFO WEIGHT LAYER 36: ABSAV = 0.999185, SD =0.023177, ABSMAX =1.090178, ABSMIN =0.951394
2019-03-01 18:20:08,079 INFO WEIGHT LAYER 39: ABSAV = 0.253493, SD =0.259130, ABSMAX =0.638548, ABSMIN =0.000877
2019-03-01 18:20:08,080 INFO WEIGHT LAYER 40: ABSAV = 0.020788, SD =0.000000, ABSMAX =0.020788, ABSMIN =0.020788
2019-03-01 18:20:08,081 INFO WEIGHT LAYER 42: ABSAV = 0.124497, SD =0.130358, ABSMAX =0.313867, ABSMIN =0.003783
2019-03-01 18:20:08,081 INFO WEIGHT LAYER 44: ABSAV = 0.222159, SD =0.011669, ABSMAX =0.233828, ABSMIN =0.210490
2019-03-01 18:20:08,083 INFO WEIGHT LAYER 45: ABSAV = 0.125143, SD =0.147286, ABSMAX =0.462137, ABSMIN =0.000076
2019-03-01 18:20:08,084 INFO WEIGHT LAYER 49: ABSAV = 0.060754, SD =0.079094, ABSMAX =0.178602, ABSMIN =0.000406
2019-03-01 18:20:08,085 INFO WEIGHT LAYER 50: ABSAV = 0.103306, SD =0.122705, ABSMAX =0.330335, ABSMIN =0.001091
2019-03-01 18:20:08,085 INFO ------------------
2019-03-01 18:20:08,087 INFO BIAS LAYER 2: ABSAV = 0.045128, SD =0.058340, ABSMAX =0.148412, ABSMIN =0.000446
2019-03-01 18:20:08,088 INFO BIAS LAYER 5: ABSAV = 0.030229, SD =0.038766, ABSMAX =0.106741, ABSMIN =0.000250
2019-03-01 18:20:08,090 INFO BIAS LAYER 8: ABSAV = 0.026920, SD =0.033761, ABSMAX =0.077042, ABSMIN =0.000076
2019-03-01 18:20:08,091 INFO BIAS LAYER 12: ABSAV = 0.017476, SD =0.022267, ABSMAX =0.056123, ABSMIN =0.000583
2019-03-01 18:20:08,093 INFO BIAS LAYER 15: ABSAV = 0.019720, SD =0.024689, ABSMAX =0.060489, ABSMIN =0.000085
2019-03-01 18:20:08,094 INFO BIAS LAYER 19: ABSAV = 0.015673, SD =0.020293, ABSMAX =0.055905, ABSMIN =0.000000
2019-03-01 18:20:08,096 INFO BIAS LAYER 22: ABSAV = 0.015225, SD =0.018295, ABSMAX =0.050024, ABSMIN =0.000126
2019-03-01 18:20:08,097 INFO BIAS LAYER 26: ABSAV = 0.015166, SD =0.019738, ABSMAX =0.056975, ABSMIN =0.000202
2019-03-01 18:20:08,098 INFO BIAS LAYER 29: ABSAV = 0.010511, SD =0.012905, ABSMAX =0.027995, ABSMIN =0.000009
2019-03-01 18:20:08,102 INFO BIAS LAYER 33: ABSAV = 0.013797, SD =0.017500, ABSMAX =0.045475, ABSMIN =0.000889
2019-03-01 18:20:08,104 INFO BIAS LAYER 36: ABSAV = 0.006368, SD =0.007841, ABSMAX =0.024467, ABSMIN =0.000009
2019-03-01 18:20:08,105 INFO BIAS LAYER 40: ABSAV = 0.002008, SD =0.000000, ABSMAX =0.002008, ABSMIN =0.002008
2019-03-01 18:20:08,107 INFO BIAS LAYER 44: ABSAV = 0.204956, SD =0.001659, ABSMAX =0.206615, ABSMIN =0.203297
2019-03-01 18:20:08,108 INFO ******************
2019-03-01 19:01:14,674 INFO WEIGHT LAYER 1: ABSAV = 0.049829, SD =0.114636, ABSMAX =1.918328, ABSMIN =0.000002
2019-03-01 19:01:14,677 INFO WEIGHT LAYER 2: ABSAV = 0.997523, SD =0.050772, ABSMAX =1.181648, ABSMIN =0.862484
2019-03-01 19:01:14,685 INFO WEIGHT LAYER 4: ABSAV = 0.032834, SD =0.044029, ABSMAX =0.529258, ABSMIN =0.000000
2019-03-01 19:01:14,689 INFO WEIGHT LAYER 5: ABSAV = 1.000077, SD =0.038367, ABSMAX =1.094012, ABSMIN =0.908972
2019-03-01 19:01:14,693 INFO WEIGHT LAYER 7: ABSAV = 0.033107, SD =0.043389, ABSMAX =0.361268, ABSMIN =0.000000
2019-03-01 19:01:14,696 INFO WEIGHT LAYER 8: ABSAV = 1.006126, SD =0.049530, ABSMAX =1.174388, ABSMIN =0.893488
2019-03-01 19:01:14,701 INFO WEIGHT LAYER 11: ABSAV = 0.029912, SD =0.038303, ABSMAX =0.354225, ABSMIN =0.000001
2019-03-01 19:01:14,703 INFO WEIGHT LAYER 12: ABSAV = 0.999843, SD =0.031086, ABSMAX =1.069085, ABSMIN =0.944685
2019-03-01 19:01:14,706 INFO WEIGHT LAYER 14: ABSAV = 0.029371, SD =0.037478, ABSMAX =0.274112, ABSMIN =0.000001
2019-03-01 19:01:14,708 INFO WEIGHT LAYER 15: ABSAV = 0.999268, SD =0.034606, ABSMAX =1.091323, ABSMIN =0.911119
2019-03-01 19:01:14,709 INFO WEIGHT LAYER 18: ABSAV = 0.028215, SD =0.035627, ABSMAX =0.283278, ABSMIN =0.000000
2019-03-01 19:01:14,711 INFO WEIGHT LAYER 19: ABSAV = 0.999888, SD =0.027872, ABSMAX =1.055781, ABSMIN =0.935710
2019-03-01 19:01:14,713 INFO WEIGHT LAYER 21: ABSAV = 0.027036, SD =0.033574, ABSMAX =0.187707, ABSMIN =0.000000
2019-03-01 19:01:14,715 INFO WEIGHT LAYER 22: ABSAV = 0.995594, SD =0.027618, ABSMAX =1.088261, ABSMIN =0.933141
2019-03-01 19:01:14,718 INFO WEIGHT LAYER 25: ABSAV = 0.026631, SD =0.033418, ABSMAX =0.338040, ABSMIN =0.000001
2019-03-01 19:01:14,719 INFO WEIGHT LAYER 26: ABSAV = 0.999950, SD =0.022638, ABSMAX =1.036958, ABSMIN =0.922829
2019-03-01 19:01:14,721 INFO WEIGHT LAYER 28: ABSAV = 0.025832, SD =0.032000, ABSMAX =0.199091, ABSMIN =0.000000
2019-03-01 19:01:14,722 INFO WEIGHT LAYER 29: ABSAV = 0.998152, SD =0.018879, ABSMAX =1.037169, ABSMIN =0.960923
2019-03-01 19:01:14,723 INFO WEIGHT LAYER 32: ABSAV = 0.026265, SD =0.032597, ABSMAX =0.273645, ABSMIN =0.000001
2019-03-01 19:01:14,724 INFO WEIGHT LAYER 33: ABSAV = 0.999938, SD =0.026333, ABSMAX =1.080854, ABSMIN =0.935129
2019-03-01 19:01:14,726 INFO WEIGHT LAYER 35: ABSAV = 0.025081, SD =0.030958, ABSMAX =0.202335, ABSMIN =0.000000
2019-03-01 19:01:14,727 INFO WEIGHT LAYER 36: ABSAV = 0.999208, SD =0.023190, ABSMAX =1.090151, ABSMIN =0.951464
2019-03-01 19:01:14,728 INFO WEIGHT LAYER 39: ABSAV = 0.249464, SD =0.254984, ABSMAX =0.628074, ABSMIN =0.000659
2019-03-01 19:01:14,729 INFO WEIGHT LAYER 40: ABSAV = 0.049192, SD =0.000000, ABSMAX =0.049192, ABSMIN =0.049192
2019-03-01 19:01:14,730 INFO WEIGHT LAYER 42: ABSAV = 0.122301, SD =0.127974, ABSMAX =0.308842, ABSMIN =0.001278
2019-03-01 19:01:14,731 INFO WEIGHT LAYER 44: ABSAV = 0.225906, SD =0.017443, ABSMAX =0.243349, ABSMIN =0.208463
2019-03-01 19:01:14,733 INFO WEIGHT LAYER 45: ABSAV = 0.123151, SD =0.144947, ABSMAX =0.454689, ABSMIN =0.000033
2019-03-01 19:01:14,733 INFO WEIGHT LAYER 49: ABSAV = 0.059902, SD =0.078041, ABSMAX =0.182642, ABSMIN =0.004453
2019-03-01 19:01:14,734 INFO WEIGHT LAYER 50: ABSAV = 0.101876, SD =0.121046, ABSMAX =0.323498, ABSMIN =0.001204
2019-03-01 19:01:14,734 INFO ------------------
2019-03-01 19:01:14,735 INFO BIAS LAYER 2: ABSAV = 0.045080, SD =0.058309, ABSMAX =0.149407, ABSMIN =0.000176
2019-03-01 19:01:14,737 INFO BIAS LAYER 5: ABSAV = 0.030344, SD =0.038827, ABSMAX =0.107228, ABSMIN =0.000093
2019-03-01 19:01:14,738 INFO BIAS LAYER 8: ABSAV = 0.026956, SD =0.033777, ABSMAX =0.076517, ABSMIN =0.000094
2019-03-01 19:01:14,740 INFO BIAS LAYER 12: ABSAV = 0.017530, SD =0.022287, ABSMAX =0.056027, ABSMIN =0.000660
2019-03-01 19:01:14,741 INFO BIAS LAYER 15: ABSAV = 0.019822, SD =0.024742, ABSMAX =0.060774, ABSMIN =0.000003
2019-03-01 19:01:14,743 INFO BIAS LAYER 19: ABSAV = 0.015759, SD =0.020369, ABSMAX =0.055915, ABSMIN =0.000090
2019-03-01 19:01:14,744 INFO BIAS LAYER 22: ABSAV = 0.015293, SD =0.018333, ABSMAX =0.049834, ABSMIN =0.000080
2019-03-01 19:01:14,746 INFO BIAS LAYER 26: ABSAV = 0.015156, SD =0.019731, ABSMAX =0.057011, ABSMIN =0.000280
2019-03-01 19:01:14,749 INFO BIAS LAYER 29: ABSAV = 0.010571, SD =0.012939, ABSMAX =0.027933, ABSMIN =0.000012
2019-03-01 19:01:14,752 INFO BIAS LAYER 33: ABSAV = 0.013765, SD =0.017468, ABSMAX =0.045514, ABSMIN =0.000758
2019-03-01 19:01:14,753 INFO BIAS LAYER 36: ABSAV = 0.006419, SD =0.007833, ABSMAX =0.024228, ABSMIN =0.000110
2019-03-01 19:01:14,755 INFO BIAS LAYER 40: ABSAV = 0.037694, SD =0.000000, ABSMAX =0.037694, ABSMIN =0.037694
2019-03-01 19:01:14,756 INFO BIAS LAYER 44: ABSAV = 0.216755, SD =0.003913, ABSMAX =0.220668, ABSMIN =0.212841
2019-03-01 19:01:14,757 INFO ******************
2019-03-01 19:16:31,880 INFO WEIGHT LAYER 1: ABSAV = 0.049046, SD =0.112829, ABSMAX =1.888145, ABSMIN =0.000010
2019-03-01 19:16:31,883 INFO WEIGHT LAYER 2: ABSAV = 0.997347, SD =0.051529, ABSMAX =1.187143, ABSMIN =0.861055
2019-03-01 19:16:31,891 INFO WEIGHT LAYER 4: ABSAV = 0.032321, SD =0.043341, ABSMAX =0.521005, ABSMIN =0.000001
2019-03-01 19:16:31,894 INFO WEIGHT LAYER 5: ABSAV = 1.000077, SD =0.038545, ABSMAX =1.092778, ABSMIN =0.906953
2019-03-01 19:16:31,897 INFO WEIGHT LAYER 7: ABSAV = 0.032590, SD =0.042707, ABSMAX =0.356064, ABSMIN =0.000000
2019-03-01 19:16:31,899 INFO WEIGHT LAYER 8: ABSAV = 1.006110, SD =0.049681, ABSMAX =1.178334, ABSMIN =0.893014
2019-03-01 19:16:31,902 INFO WEIGHT LAYER 11: ABSAV = 0.029442, SD =0.037704, ABSMAX =0.348258, ABSMIN =0.000001
2019-03-01 19:16:31,904 INFO WEIGHT LAYER 12: ABSAV = 0.999844, SD =0.031093, ABSMAX =1.068169, ABSMIN =0.944431
2019-03-01 19:16:31,908 INFO WEIGHT LAYER 14: ABSAV = 0.028908, SD =0.036886, ABSMAX =0.269883, ABSMIN =0.000000
2019-03-01 19:16:31,909 INFO WEIGHT LAYER 15: ABSAV = 0.999244, SD =0.034759, ABSMAX =1.091462, ABSMIN =0.911517
2019-03-01 19:16:31,911 INFO WEIGHT LAYER 18: ABSAV = 0.027767, SD =0.035063, ABSMAX =0.278789, ABSMIN =0.000000
2019-03-01 19:16:31,913 INFO WEIGHT LAYER 19: ABSAV = 0.999883, SD =0.027966, ABSMAX =1.055744, ABSMIN =0.935150
2019-03-01 19:16:31,914 INFO WEIGHT LAYER 21: ABSAV = 0.026608, SD =0.033041, ABSMAX =0.184708, ABSMIN =0.000000
2019-03-01 19:16:31,915 INFO WEIGHT LAYER 22: ABSAV = 0.995610, SD =0.027719, ABSMAX =1.088850, ABSMIN =0.932386
2019-03-01 19:16:31,917 INFO WEIGHT LAYER 25: ABSAV = 0.026207, SD =0.032887, ABSMAX =0.332670, ABSMIN =0.000000
2019-03-01 19:16:31,918 INFO WEIGHT LAYER 26: ABSAV = 0.999948, SD =0.022687, ABSMAX =1.036878, ABSMIN =0.922269
2019-03-01 19:16:31,921 INFO WEIGHT LAYER 28: ABSAV = 0.025422, SD =0.031491, ABSMAX =0.195909, ABSMIN =0.000001
2019-03-01 19:16:31,922 INFO WEIGHT LAYER 29: ABSAV = 0.998208, SD =0.018874, ABSMAX =1.037493, ABSMIN =0.960923
2019-03-01 19:16:31,924 INFO WEIGHT LAYER 32: ABSAV = 0.025847, SD =0.032079, ABSMAX =0.269293, ABSMIN =0.000000
2019-03-01 19:16:31,925 INFO WEIGHT LAYER 33: ABSAV = 0.999938, SD =0.026331, ABSMAX =1.081093, ABSMIN =0.935142
2019-03-01 19:16:31,926 INFO WEIGHT LAYER 35: ABSAV = 0.024683, SD =0.030466, ABSMAX =0.199035, ABSMIN =0.000000
2019-03-01 19:16:31,928 INFO WEIGHT LAYER 36: ABSAV = 0.999184, SD =0.023168, ABSMAX =1.090063, ABSMIN =0.951406
2019-03-01 19:16:31,929 INFO WEIGHT LAYER 39: ABSAV = 0.245500, SD =0.250928, ABSMAX =0.618018, ABSMIN =0.000716
2019-03-01 19:16:31,930 INFO WEIGHT LAYER 40: ABSAV = 0.020279, SD =0.000000, ABSMAX =0.020279, ABSMIN =0.020279
2019-03-01 19:16:31,930 INFO WEIGHT LAYER 42: ABSAV = 0.120255, SD =0.125997, ABSMAX =0.302123, ABSMIN =0.007625
2019-03-01 19:16:31,931 INFO WEIGHT LAYER 44: ABSAV = 0.194976, SD =0.005924, ABSMAX =0.200900, ABSMIN =0.189051
2019-03-01 19:16:31,932 INFO WEIGHT LAYER 45: ABSAV = 0.121177, SD =0.142621, ABSMAX =0.447411, ABSMIN =0.000051
2019-03-01 19:16:31,932 INFO WEIGHT LAYER 49: ABSAV = 0.057339, SD =0.075577, ABSMAX =0.178584, ABSMIN =0.002055
2019-03-01 19:16:31,933 INFO WEIGHT LAYER 50: ABSAV = 0.099767, SD =0.118672, ABSMAX =0.294498, ABSMIN =0.000219
2019-03-01 19:16:31,933 INFO ------------------
2019-03-01 19:16:31,934 INFO BIAS LAYER 2: ABSAV = 0.045034, SD =0.058218, ABSMAX =0.150294, ABSMIN =0.000225
2019-03-01 19:16:31,938 INFO BIAS LAYER 5: ABSAV = 0.030537, SD =0.038837, ABSMAX =0.107501, ABSMIN =0.000714
2019-03-01 19:16:31,941 INFO BIAS LAYER 8: ABSAV = 0.026981, SD =0.033787, ABSMAX =0.076123, ABSMIN =0.000012
2019-03-01 19:16:31,943 INFO BIAS LAYER 12: ABSAV = 0.017567, SD =0.022288, ABSMAX =0.055828, ABSMIN =0.000565
2019-03-01 19:16:31,944 INFO BIAS LAYER 15: ABSAV = 0.019814, SD =0.024785, ABSMAX =0.060850, ABSMIN =0.000074
2019-03-01 19:16:31,946 INFO BIAS LAYER 19: ABSAV = 0.015893, SD =0.020490, ABSMAX =0.056029, ABSMIN =0.000213
2019-03-01 19:16:31,947 INFO BIAS LAYER 22: ABSAV = 0.015373, SD =0.018374, ABSMAX =0.049977, ABSMIN =0.000114
2019-03-01 19:16:31,949 INFO BIAS LAYER 26: ABSAV = 0.015194, SD =0.019750, ABSMAX =0.057087, ABSMIN =0.000068
2019-03-01 19:16:31,951 INFO BIAS LAYER 29: ABSAV = 0.010642, SD =0.012967, ABSMAX =0.028042, ABSMIN =0.000054
2019-03-01 19:16:31,953 INFO BIAS LAYER 33: ABSAV = 0.013737, SD =0.017444, ABSMAX =0.045560, ABSMIN =0.000567
2019-03-01 19:16:31,956 INFO BIAS LAYER 36: ABSAV = 0.006483, SD =0.007844, ABSMAX =0.024406, ABSMIN =0.000162
2019-03-01 19:16:31,957 INFO BIAS LAYER 40: ABSAV = 0.054819, SD =0.000000, ABSMAX =0.054819, ABSMIN =0.054819
2019-03-01 19:16:31,958 INFO BIAS LAYER 44: ABSAV = 0.185081, SD =0.013402, ABSMAX =0.198483, ABSMIN =0.171679
2019-03-01 19:16:31,960 INFO ******************
2019-03-01 20:07:10,500 INFO WEIGHT LAYER 1: ABSAV = 0.048274, SD =0.111039, ABSMAX =1.857737, ABSMIN =0.000024
2019-03-01 20:07:10,505 INFO WEIGHT LAYER 2: ABSAV = 0.997270, SD =0.051911, ABSMAX =1.189031, ABSMIN =0.860263
2019-03-01 20:07:10,509 INFO WEIGHT LAYER 4: ABSAV = 0.031810, SD =0.042654, ABSMAX =0.512620, ABSMIN =0.000000
2019-03-01 20:07:10,513 INFO WEIGHT LAYER 5: ABSAV = 1.000085, SD =0.038410, ABSMAX =1.093442, ABSMIN =0.909332
2019-03-01 20:07:10,518 INFO WEIGHT LAYER 7: ABSAV = 0.032073, SD =0.042030, ABSMAX =0.350167, ABSMIN =0.000001
2019-03-01 20:07:10,522 INFO WEIGHT LAYER 8: ABSAV = 1.006013, SD =0.049718, ABSMAX =1.178046, ABSMIN =0.893483
2019-03-01 20:07:10,529 INFO WEIGHT LAYER 11: ABSAV = 0.028975, SD =0.037105, ABSMAX =0.342683, ABSMIN =0.000001
2019-03-01 20:07:10,533 INFO WEIGHT LAYER 12: ABSAV = 0.999842, SD =0.031144, ABSMAX =1.069305, ABSMIN =0.944869
2019-03-01 20:07:10,540 INFO WEIGHT LAYER 14: ABSAV = 0.028449, SD =0.036300, ABSMAX =0.265661, ABSMIN =0.000000
2019-03-01 20:07:10,543 INFO WEIGHT LAYER 15: ABSAV = 0.999232, SD =0.034793, ABSMAX =1.092000, ABSMIN =0.911096
2019-03-01 20:07:10,548 INFO WEIGHT LAYER 18: ABSAV = 0.027326, SD =0.034506, ABSMAX =0.274387, ABSMIN =0.000001
2019-03-01 20:07:10,551 INFO WEIGHT LAYER 19: ABSAV = 0.999882, SD =0.027966, ABSMAX =1.055972, ABSMIN =0.935692
2019-03-01 20:07:10,556 INFO WEIGHT LAYER 21: ABSAV = 0.026185, SD =0.032516, ABSMAX =0.181756, ABSMIN =0.000000
2019-03-01 20:07:10,559 INFO WEIGHT LAYER 22: ABSAV = 0.995616, SD =0.027774, ABSMAX =1.088939, ABSMIN =0.932072
2019-03-01 20:07:10,562 INFO WEIGHT LAYER 25: ABSAV = 0.025791, SD =0.032364, ABSMAX =0.327377, ABSMIN =0.000002
2019-03-01 20:07:10,564 INFO WEIGHT LAYER 26: ABSAV = 0.999948, SD =0.022687, ABSMAX =1.037071, ABSMIN =0.922083
2019-03-01 20:07:10,566 INFO WEIGHT LAYER 28: ABSAV = 0.025017, SD =0.030991, ABSMAX =0.192767, ABSMIN =0.000000
2019-03-01 20:07:10,567 INFO WEIGHT LAYER 29: ABSAV = 0.998222, SD =0.018876, ABSMAX =1.037692, ABSMIN =0.960846
2019-03-01 20:07:10,569 INFO WEIGHT LAYER 32: ABSAV = 0.025436, SD =0.031569, ABSMAX =0.265005, ABSMIN =0.000000
2019-03-01 20:07:10,571 INFO WEIGHT LAYER 33: ABSAV = 0.999938, SD =0.026338, ABSMAX =1.081226, ABSMIN =0.935160
2019-03-01 20:07:10,573 INFO WEIGHT LAYER 35: ABSAV = 0.024290, SD =0.029981, ABSMAX =0.195850, ABSMIN =0.000000
2019-03-01 20:07:10,575 INFO WEIGHT LAYER 36: ABSAV = 0.999205, SD =0.023165, ABSMAX =1.089959, ABSMIN =0.951660
2019-03-01 20:07:10,576 INFO WEIGHT LAYER 39: ABSAV = 0.241588, SD =0.246951, ABSMAX =0.607745, ABSMIN =0.000347
2019-03-01 20:07:10,577 INFO WEIGHT LAYER 40: ABSAV = 0.134919, SD =0.000000, ABSMAX =0.134919, ABSMIN =0.134919
2019-03-01 20:07:10,577 INFO WEIGHT LAYER 42: ABSAV = 0.117971, SD =0.123475, ABSMAX =0.296829, ABSMIN =0.002852
2019-03-01 20:07:10,578 INFO WEIGHT LAYER 44: ABSAV = 0.223071, SD =0.009282, ABSMAX =0.232353, ABSMIN =0.213790
2019-03-01 20:07:10,579 INFO WEIGHT LAYER 45: ABSAV = 0.119253, SD =0.140362, ABSMAX =0.439393, ABSMIN =0.000467
2019-03-01 20:07:10,580 INFO WEIGHT LAYER 49: ABSAV = 0.056813, SD =0.073572, ABSMAX =0.163402, ABSMIN =0.003981
2019-03-01 20:07:10,580 INFO WEIGHT LAYER 50: ABSAV = 0.098423, SD =0.117127, ABSMAX =0.303347, ABSMIN =0.000181
2019-03-01 20:07:10,580 INFO ------------------
2019-03-01 20:07:10,582 INFO BIAS LAYER 2: ABSAV = 0.045101, SD =0.058242, ABSMAX =0.150351, ABSMIN =0.000096
2019-03-01 20:07:10,583 INFO BIAS LAYER 5: ABSAV = 0.030539, SD =0.038738, ABSMAX =0.107253, ABSMIN =0.000073
2019-03-01 20:07:10,585 INFO BIAS LAYER 8: ABSAV = 0.027019, SD =0.033808, ABSMAX =0.076130, ABSMIN =0.000151
2019-03-01 20:07:10,587 INFO BIAS LAYER 12: ABSAV = 0.017626, SD =0.022323, ABSMAX =0.055927, ABSMIN =0.000428
2019-03-01 20:07:10,590 INFO BIAS LAYER 15: ABSAV = 0.019878, SD =0.024833, ABSMAX =0.061003, ABSMIN =0.000180
2019-03-01 20:07:10,592 INFO BIAS LAYER 19: ABSAV = 0.015954, SD =0.020565, ABSMAX =0.056187, ABSMIN =0.000165
2019-03-01 20:07:10,594 INFO BIAS LAYER 22: ABSAV = 0.015419, SD =0.018391, ABSMAX =0.050057, ABSMIN =0.000097
2019-03-01 20:07:10,596 INFO BIAS LAYER 26: ABSAV = 0.015199, SD =0.019740, ABSMAX =0.057037, ABSMIN =0.000135
2019-03-01 20:07:10,598 INFO BIAS LAYER 29: ABSAV = 0.010685, SD =0.012971, ABSMAX =0.028405, ABSMIN =0.000038
2019-03-01 20:07:10,600 INFO BIAS LAYER 33: ABSAV = 0.013704, SD =0.017422, ABSMAX =0.045540, ABSMIN =0.000427
2019-03-01 20:07:10,601 INFO BIAS LAYER 36: ABSAV = 0.006501, SD =0.007834, ABSMAX =0.024360, ABSMIN =0.000183
2019-03-01 20:07:10,602 INFO BIAS LAYER 40: ABSAV = 0.016490, SD =0.000000, ABSMAX =0.016490, ABSMIN =0.016490
2019-03-01 20:07:10,605 INFO BIAS LAYER 44: ABSAV = 0.151586, SD =0.009288, ABSMAX =0.160874, ABSMIN =0.142297
2019-03-01 20:07:10,607 INFO ******************
2019-03-01 20:33:52,619 INFO WEIGHT LAYER 1: ABSAV = 0.047514, SD =0.109281, ABSMAX =1.827882, ABSMIN =0.000015
2019-03-01 20:33:52,622 INFO WEIGHT LAYER 2: ABSAV = 0.997146, SD =0.052464, ABSMAX =1.189715, ABSMIN =0.857663
2019-03-01 20:33:52,627 INFO WEIGHT LAYER 4: ABSAV = 0.031306, SD =0.041981, ABSMAX =0.504374, ABSMIN =0.000000
2019-03-01 20:33:52,630 INFO WEIGHT LAYER 5: ABSAV = 1.000090, SD =0.038354, ABSMAX =1.093418, ABSMIN =0.908996
2019-03-01 20:33:52,637 INFO WEIGHT LAYER 7: ABSAV = 0.031566, SD =0.041364, ABSMAX =0.344731, ABSMIN =0.000001
2019-03-01 20:33:52,640 INFO WEIGHT LAYER 8: ABSAV = 1.005968, SD =0.049685, ABSMAX =1.178113, ABSMIN =0.893745
2019-03-01 20:33:52,644 INFO WEIGHT LAYER 11: ABSAV = 0.028516, SD =0.036516, ABSMAX =0.337207, ABSMIN =0.000000
2019-03-01 20:33:52,647 INFO WEIGHT LAYER 12: ABSAV = 0.999840, SD =0.031164, ABSMAX =1.069199, ABSMIN =0.945035
2019-03-01 20:33:52,652 INFO WEIGHT LAYER 14: ABSAV = 0.027997, SD =0.035723, ABSMAX =0.261626, ABSMIN =0.000000
2019-03-01 20:33:52,654 INFO WEIGHT LAYER 15: ABSAV = 0.999255, SD =0.034801, ABSMAX =1.092280, ABSMIN =0.910820
2019-03-01 20:33:52,658 INFO WEIGHT LAYER 18: ABSAV = 0.026892, SD =0.033957, ABSMAX =0.270040, ABSMIN =0.000001
2019-03-01 20:33:52,660 INFO WEIGHT LAYER 19: ABSAV = 0.999880, SD =0.027963, ABSMAX =1.056434, ABSMIN =0.936269
2019-03-01 20:33:52,664 INFO WEIGHT LAYER 21: ABSAV = 0.025769, SD =0.031999, ABSMAX =0.178834, ABSMIN =0.000000
2019-03-01 20:33:52,666 INFO WEIGHT LAYER 22: ABSAV = 0.995603, SD =0.027792, ABSMAX =1.088635, ABSMIN =0.931363
2019-03-01 20:33:52,669 INFO WEIGHT LAYER 25: ABSAV = 0.025381, SD =0.031850, ABSMAX =0.322168, ABSMIN =0.000001
2019-03-01 20:33:52,671 INFO WEIGHT LAYER 26: ABSAV = 0.999949, SD =0.022674, ABSMAX =1.037058, ABSMIN =0.922222
2019-03-01 20:33:52,672 INFO WEIGHT LAYER 28: ABSAV = 0.024620, SD =0.030498, ABSMAX =0.189690, ABSMIN =0.000001
2019-03-01 20:33:52,674 INFO WEIGHT LAYER 29: ABSAV = 0.998209, SD =0.018892, ABSMAX =1.037708, ABSMIN =0.960822
2019-03-01 20:33:52,676 INFO WEIGHT LAYER 32: ABSAV = 0.025032, SD =0.031067, ABSMAX =0.260797, ABSMIN =0.000000
2019-03-01 20:33:52,677 INFO WEIGHT LAYER 33: ABSAV = 0.999938, SD =0.026348, ABSMAX =1.081271, ABSMIN =0.935235
2019-03-01 20:33:52,680 INFO WEIGHT LAYER 35: ABSAV = 0.023904, SD =0.029505, ABSMAX =0.192713, ABSMIN =0.000000
2019-03-01 20:33:52,681 INFO WEIGHT LAYER 36: ABSAV = 0.999202, SD =0.023144, ABSMAX =1.089908, ABSMIN =0.951768
2019-03-01 20:33:52,682 INFO WEIGHT LAYER 39: ABSAV = 0.237743, SD =0.242905, ABSMAX =0.596739, ABSMIN =0.000080
2019-03-01 20:33:52,683 INFO WEIGHT LAYER 40: ABSAV = 0.251792, SD =0.000000, ABSMAX =0.251792, ABSMIN =0.251792
2019-03-01 20:33:52,684 INFO WEIGHT LAYER 42: ABSAV = 0.115892, SD =0.121325, ABSMAX =0.289338, ABSMIN =0.000119
2019-03-01 20:33:52,684 INFO WEIGHT LAYER 44: ABSAV = 0.215305, SD =0.034876, ABSMAX =0.250181, ABSMIN =0.180428
2019-03-01 20:33:52,686 INFO WEIGHT LAYER 45: ABSAV = 0.117236, SD =0.138081, ABSMAX =0.432240, ABSMIN =0.000313
2019-03-01 20:33:52,686 INFO WEIGHT LAYER 49: ABSAV = 0.061575, SD =0.065998, ABSMAX =0.166980, ABSMIN =0.004304
2019-03-01 20:33:52,687 INFO WEIGHT LAYER 50: ABSAV = 0.096452, SD =0.115310, ABSMAX =0.287837, ABSMIN =0.000283
2019-03-01 20:33:52,687 INFO ------------------
2019-03-01 20:33:52,689 INFO BIAS LAYER 2: ABSAV = 0.045067, SD =0.058227, ABSMAX =0.150061, ABSMIN =0.000290
2019-03-01 20:33:52,690 INFO BIAS LAYER 5: ABSAV = 0.030467, SD =0.038715, ABSMAX =0.107404, ABSMIN =0.000299
2019-03-01 20:33:52,692 INFO BIAS LAYER 8: ABSAV = 0.027052, SD =0.033839, ABSMAX =0.076120, ABSMIN =0.000053
2019-03-01 20:33:52,694 INFO BIAS LAYER 12: ABSAV = 0.017681, SD =0.022371, ABSMAX =0.055932, ABSMIN =0.000484
2019-03-01 20:33:52,696 INFO BIAS LAYER 15: ABSAV = 0.020011, SD =0.024905, ABSMAX =0.060953, ABSMIN =0.000439
2019-03-01 20:33:52,700 INFO BIAS LAYER 19: ABSAV = 0.016050, SD =0.020668, ABSMAX =0.056435, ABSMIN =0.000044
2019-03-01 20:33:52,702 INFO BIAS LAYER 22: ABSAV = 0.015462, SD =0.018407, ABSMAX =0.050311, ABSMIN =0.000174
2019-03-01 20:33:52,704 INFO BIAS LAYER 26: ABSAV = 0.015192, SD =0.019724, ABSMAX =0.056979, ABSMIN =0.000016
2019-03-01 20:33:52,705 INFO BIAS LAYER 29: ABSAV = 0.010747, SD =0.012979, ABSMAX =0.028397, ABSMIN =0.000090
2019-03-01 20:33:52,707 INFO BIAS LAYER 33: ABSAV = 0.013671, SD =0.017398, ABSMAX =0.045595, ABSMIN =0.000265
2019-03-01 20:33:52,708 INFO BIAS LAYER 36: ABSAV = 0.006534, SD =0.007833, ABSMAX =0.024329, ABSMIN =0.000043
2019-03-01 20:33:52,710 INFO BIAS LAYER 40: ABSAV = 0.144349, SD =0.000000, ABSMAX =0.144349, ABSMIN =0.144349
2019-03-01 20:33:52,711 INFO BIAS LAYER 44: ABSAV = 0.174571, SD =0.001759, ABSMAX =0.176330, ABSMIN =0.172812
2019-03-01 20:33:52,714 INFO ******************
2019-03-01 21:26:28,895 INFO WEIGHT LAYER 1: ABSAV = 0.046779, SD =0.107551, ABSMAX =1.798768, ABSMIN =0.000000
2019-03-01 21:26:28,899 INFO WEIGHT LAYER 2: ABSAV = 0.997330, SD =0.052648, ABSMAX =1.190886, ABSMIN =0.859327
2019-03-01 21:26:28,905 INFO WEIGHT LAYER 4: ABSAV = 0.030812, SD =0.041317, ABSMAX =0.496298, ABSMIN =0.000000
2019-03-01 21:26:28,908 INFO WEIGHT LAYER 5: ABSAV = 1.000084, SD =0.038513, ABSMAX =1.093570, ABSMIN =0.906747
2019-03-01 21:26:28,912 INFO WEIGHT LAYER 7: ABSAV = 0.031066, SD =0.040709, ABSMAX =0.339198, ABSMIN =0.000001
2019-03-01 21:26:28,916 INFO WEIGHT LAYER 8: ABSAV = 1.005828, SD =0.049623, ABSMAX =1.178777, ABSMIN =0.894090
2019-03-01 21:26:28,921 INFO WEIGHT LAYER 11: ABSAV = 0.028064, SD =0.035937, ABSMAX =0.332094, ABSMIN =0.000000
2019-03-01 21:26:28,923 INFO WEIGHT LAYER 12: ABSAV = 0.999840, SD =0.031191, ABSMAX =1.068359, ABSMIN =0.944786
2019-03-01 21:26:28,926 INFO WEIGHT LAYER 14: ABSAV = 0.027552, SD =0.035156, ABSMAX =0.257468, ABSMIN =0.000001
2019-03-01 21:26:28,928 INFO WEIGHT LAYER 15: ABSAV = 0.999255, SD =0.034820, ABSMAX =1.092686, ABSMIN =0.910882
2019-03-01 21:26:28,931 INFO WEIGHT LAYER 18: ABSAV = 0.026465, SD =0.033418, ABSMAX =0.265708, ABSMIN =0.000000
2019-03-01 21:26:28,934 INFO WEIGHT LAYER 19: ABSAV = 0.999880, SD =0.027957, ABSMAX =1.056731, ABSMIN =0.936445
2019-03-01 21:26:28,936 INFO WEIGHT LAYER 21: ABSAV = 0.025360, SD =0.031491, ABSMAX =0.175988, ABSMIN =0.000000
2019-03-01 21:26:28,938 INFO WEIGHT LAYER 22: ABSAV = 0.995595, SD =0.027747, ABSMAX =1.088234, ABSMIN =0.931637
2019-03-01 21:26:28,940 INFO WEIGHT LAYER 25: ABSAV = 0.024977, SD =0.031343, ABSMAX =0.317043, ABSMIN =0.000002
2019-03-01 21:26:28,941 INFO WEIGHT LAYER 26: ABSAV = 0.999949, SD =0.022667, ABSMAX =1.036986, ABSMIN =0.922462
2019-03-01 21:26:28,942 INFO WEIGHT LAYER 28: ABSAV = 0.024228, SD =0.030013, ABSMAX =0.186665, ABSMIN =0.000000
2019-03-01 21:26:28,944 INFO WEIGHT LAYER 29: ABSAV = 0.998128, SD =0.018865, ABSMAX =1.037322, ABSMIN =0.960931
2019-03-01 21:26:28,945 INFO WEIGHT LAYER 32: ABSAV = 0.024634, SD =0.030573, ABSMAX =0.256657, ABSMIN =0.000000
2019-03-01 21:26:28,946 INFO WEIGHT LAYER 33: ABSAV = 0.999938, SD =0.026349, ABSMAX =1.081157, ABSMIN =0.935236
2019-03-01 21:26:28,949 INFO WEIGHT LAYER 35: ABSAV = 0.023524, SD =0.029036, ABSMAX =0.189667, ABSMIN =0.000000
2019-03-01 21:26:28,950 INFO WEIGHT LAYER 36: ABSAV = 0.999145, SD =0.023106, ABSMAX =1.089713, ABSMIN =0.951942
2019-03-01 21:26:28,951 INFO WEIGHT LAYER 39: ABSAV = 0.233899, SD =0.238811, ABSMAX =0.586738, ABSMIN =0.000139
2019-03-01 21:26:28,952 INFO WEIGHT LAYER 40: ABSAV = 0.005781, SD =0.000000, ABSMAX =0.005781, ABSMIN =0.005781
2019-03-01 21:26:28,953 INFO WEIGHT LAYER 42: ABSAV = 0.114109, SD =0.119584, ABSMAX =0.283053, ABSMIN =0.000053
2019-03-01 21:26:28,954 INFO WEIGHT LAYER 44: ABSAV = 0.166874, SD =0.015319, ABSMAX =0.182193, ABSMIN =0.151555
2019-03-01 21:26:28,954 INFO WEIGHT LAYER 45: ABSAV = 0.115245, SD =0.135464, ABSMAX =0.428440, ABSMIN =0.000207
2019-03-01 21:26:28,955 INFO WEIGHT LAYER 49: ABSAV = 0.043369, SD =0.053563, ABSMAX =0.114933, ABSMIN =0.002219
2019-03-01 21:26:28,956 INFO WEIGHT LAYER 50: ABSAV = 0.094693, SD =0.113190, ABSMAX =0.271295, ABSMIN =0.000264
2019-03-01 21:26:28,956 INFO ------------------
2019-03-01 21:26:28,957 INFO BIAS LAYER 2: ABSAV = 0.045052, SD =0.058182, ABSMAX =0.149860, ABSMIN =0.000445
2019-03-01 21:26:28,959 INFO BIAS LAYER 5: ABSAV = 0.030485, SD =0.038735, ABSMAX =0.107243, ABSMIN =0.000461
2019-03-01 21:26:28,960 INFO BIAS LAYER 8: ABSAV = 0.027076, SD =0.033844, ABSMAX =0.076064, ABSMIN =0.000049
2019-03-01 21:26:28,962 INFO BIAS LAYER 12: ABSAV = 0.017651, SD =0.022325, ABSMAX =0.055751, ABSMIN =0.000689
2019-03-01 21:26:28,964 INFO BIAS LAYER 15: ABSAV = 0.020043, SD =0.024945, ABSMAX =0.061495, ABSMIN =0.000158
2019-03-01 21:26:28,967 INFO BIAS LAYER 19: ABSAV = 0.016031, SD =0.020644, ABSMAX =0.056344, ABSMIN =0.000270
2019-03-01 21:26:28,969 INFO BIAS LAYER 22: ABSAV = 0.015509, SD =0.018458, ABSMAX =0.050484, ABSMIN =0.000201
2019-03-01 21:26:28,971 INFO BIAS LAYER 26: ABSAV = 0.015183, SD =0.019723, ABSMAX =0.057047, ABSMIN =0.000034
2019-03-01 21:26:28,973 INFO BIAS LAYER 29: ABSAV = 0.010783, SD =0.013025, ABSMAX =0.028263, ABSMIN =0.000064
2019-03-01 21:26:28,974 INFO BIAS LAYER 33: ABSAV = 0.013686, SD =0.017401, ABSMAX =0.045645, ABSMIN =0.000304
2019-03-01 21:26:28,975 INFO BIAS LAYER 36: ABSAV = 0.006545, SD =0.007835, ABSMAX =0.024165, ABSMIN =0.000152
2019-03-01 21:26:28,977 INFO BIAS LAYER 40: ABSAV = 0.144743, SD =0.000000, ABSMAX =0.144743, ABSMIN =0.144743
2019-03-01 21:26:28,978 INFO BIAS LAYER 44: ABSAV = 0.146490, SD =0.007348, ABSMAX =0.153838, ABSMIN =0.139142
2019-03-01 21:26:28,980 INFO ******************
2019-03-01 22:02:48,651 INFO WEIGHT LAYER 1: ABSAV = 0.046057, SD =0.105848, ABSMAX =1.769859, ABSMIN =0.000001
2019-03-01 22:02:48,654 INFO WEIGHT LAYER 2: ABSAV = 0.997233, SD =0.052753, ABSMAX =1.191150, ABSMIN =0.859805
2019-03-01 22:02:48,658 INFO WEIGHT LAYER 4: ABSAV = 0.030325, SD =0.040664, ABSMAX =0.488373, ABSMIN =0.000000
2019-03-01 22:02:48,660 INFO WEIGHT LAYER 5: ABSAV = 1.000087, SD =0.038467, ABSMAX =1.093115, ABSMIN =0.907157
2019-03-01 22:02:48,667 INFO WEIGHT LAYER 7: ABSAV = 0.030574, SD =0.040064, ABSMAX =0.333864, ABSMIN =0.000000
2019-03-01 22:02:48,670 INFO WEIGHT LAYER 8: ABSAV = 1.005765, SD =0.049711, ABSMAX =1.178751, ABSMIN =0.893140
2019-03-01 22:02:48,672 INFO WEIGHT LAYER 11: ABSAV = 0.027618, SD =0.035367, ABSMAX =0.326671, ABSMIN =0.000000
2019-03-01 22:02:48,674 INFO WEIGHT LAYER 12: ABSAV = 0.999838, SD =0.031249, ABSMAX =1.068772, ABSMIN =0.944801
2019-03-01 22:02:48,677 INFO WEIGHT LAYER 14: ABSAV = 0.027114, SD =0.034598, ABSMAX =0.253448, ABSMIN =0.000001
2019-03-01 22:02:48,680 INFO WEIGHT LAYER 15: ABSAV = 0.999268, SD =0.034807, ABSMAX =1.092808, ABSMIN =0.910965
2019-03-01 22:02:48,681 INFO WEIGHT LAYER 18: ABSAV = 0.026044, SD =0.032887, ABSMAX =0.261461, ABSMIN =0.000000
2019-03-01 22:02:48,683 INFO WEIGHT LAYER 19: ABSAV = 0.999879, SD =0.027996, ABSMAX =1.056834, ABSMIN =0.936309
2019-03-01 22:02:48,685 INFO WEIGHT LAYER 21: ABSAV = 0.024957, SD =0.030991, ABSMAX =0.173182, ABSMIN =0.000000
2019-03-01 22:02:48,686 INFO WEIGHT LAYER 22: ABSAV = 0.995628, SD =0.027743, ABSMAX =1.088416, ABSMIN =0.931916
2019-03-01 22:02:48,688 INFO WEIGHT LAYER 25: ABSAV = 0.024580, SD =0.030845, ABSMAX =0.311999, ABSMIN =0.000000
2019-03-01 22:02:48,689 INFO WEIGHT LAYER 26: ABSAV = 0.999949, SD =0.022667, ABSMAX =1.037092, ABSMIN =0.922323
2019-03-01 22:02:48,690 INFO WEIGHT LAYER 28: ABSAV = 0.023843, SD =0.029536, ABSMAX =0.183655, ABSMIN =0.000000
2019-03-01 22:02:48,691 INFO WEIGHT LAYER 29: ABSAV = 0.998149, SD =0.018886, ABSMAX =1.037407, ABSMIN =0.960931
2019-03-01 22:02:48,693 INFO WEIGHT LAYER 32: ABSAV = 0.024242, SD =0.030087, ABSMAX =0.252578, ABSMIN =0.000000
2019-03-01 22:02:48,694 INFO WEIGHT LAYER 33: ABSAV = 0.999938, SD =0.026345, ABSMAX =1.081275, ABSMIN =0.935222
2019-03-01 22:02:48,697 INFO WEIGHT LAYER 35: ABSAV = 0.023150, SD =0.028574, ABSMAX =0.186656, ABSMIN =0.000001
2019-03-01 22:02:48,699 INFO WEIGHT LAYER 36: ABSAV = 0.999128, SD =0.023167, ABSMAX =1.089787, ABSMIN =0.951967
2019-03-01 22:02:48,700 INFO WEIGHT LAYER 39: ABSAV = 0.230179, SD =0.235012, ABSMAX =0.577405, ABSMIN =0.000131
2019-03-01 22:02:48,701 INFO WEIGHT LAYER 40: ABSAV = 0.003847, SD =0.000000, ABSMAX =0.003847, ABSMIN =0.003847
2019-03-01 22:02:48,701 INFO WEIGHT LAYER 42: ABSAV = 0.112157, SD =0.117393, ABSMAX =0.279548, ABSMIN =0.006442
2019-03-01 22:02:48,702 INFO WEIGHT LAYER 44: ABSAV = 0.250739, SD =0.014193, ABSMAX =0.264931, ABSMIN =0.236546
2019-03-01 22:02:48,703 INFO WEIGHT LAYER 45: ABSAV = 0.113369, SD =0.133236, ABSMAX =0.421416, ABSMIN =0.000451
2019-03-01 22:02:48,704 INFO WEIGHT LAYER 49: ABSAV = 0.039046, SD =0.048054, ABSMAX =0.090577, ABSMIN =0.001605
2019-03-01 22:02:48,705 INFO WEIGHT LAYER 50: ABSAV = 0.093968, SD =0.111741, ABSMAX =0.277070, ABSMIN =0.000186
2019-03-01 22:02:48,705 INFO ------------------
2019-03-01 22:02:48,706 INFO BIAS LAYER 2: ABSAV = 0.045053, SD =0.058208, ABSMAX =0.150311, ABSMIN =0.000717
2019-03-01 22:02:48,707 INFO BIAS LAYER 5: ABSAV = 0.030523, SD =0.038725, ABSMAX =0.107092, ABSMIN =0.000254
2019-03-01 22:02:48,709 INFO BIAS LAYER 8: ABSAV = 0.027121, SD =0.033878, ABSMAX =0.076525, ABSMIN =0.000056
2019-03-01 22:02:48,712 INFO BIAS LAYER 12: ABSAV = 0.017695, SD =0.022376, ABSMAX =0.055882, ABSMIN =0.000660
2019-03-01 22:02:48,714 INFO BIAS LAYER 15: ABSAV = 0.020103, SD =0.024976, ABSMAX =0.061863, ABSMIN =0.000159
2019-03-01 22:02:48,715 INFO BIAS LAYER 19: ABSAV = 0.016059, SD =0.020658, ABSMAX =0.056579, ABSMIN =0.000488
2019-03-01 22:02:48,717 INFO BIAS LAYER 22: ABSAV = 0.015570, SD =0.018500, ABSMAX =0.050520, ABSMIN =0.000049
2019-03-01 22:02:48,719 INFO BIAS LAYER 26: ABSAV = 0.015174, SD =0.019711, ABSMAX =0.056935, ABSMIN =0.000059
2019-03-01 22:02:48,720 INFO BIAS LAYER 29: ABSAV = 0.010838, SD =0.013059, ABSMAX =0.028339, ABSMIN =0.000025
2019-03-01 22:02:48,722 INFO BIAS LAYER 33: ABSAV = 0.013689, SD =0.017389, ABSMAX =0.045682, ABSMIN =0.000322
2019-03-01 22:02:48,723 INFO BIAS LAYER 36: ABSAV = 0.006567, SD =0.007835, ABSMAX =0.023959, ABSMIN =0.000271
2019-03-01 22:02:48,725 INFO BIAS LAYER 40: ABSAV = 0.089477, SD =0.000000, ABSMAX =0.089477, ABSMIN =0.089477
2019-03-01 22:02:48,726 INFO BIAS LAYER 44: ABSAV = 0.047661, SD =0.028273, ABSMAX =0.075934, ABSMIN =0.019388
2019-03-01 22:02:48,728 INFO ******************
2019-03-01 22:32:35,738 INFO WEIGHT LAYER 1: ABSAV = 0.045331, SD =0.104172, ABSMAX =1.741589, ABSMIN =0.000001
2019-03-01 22:32:35,741 INFO WEIGHT LAYER 2: ABSAV = 0.997206, SD =0.053200, ABSMAX =1.192094, ABSMIN =0.857260
2019-03-01 22:32:35,745 INFO WEIGHT LAYER 4: ABSAV = 0.029845, SD =0.040023, ABSMAX =0.480532, ABSMIN =0.000000
2019-03-01 22:32:35,748 INFO WEIGHT LAYER 5: ABSAV = 1.000090, SD =0.038442, ABSMAX =1.093822, ABSMIN =0.907708
2019-03-01 22:32:35,752 INFO WEIGHT LAYER 7: ABSAV = 0.030092, SD =0.039432, ABSMAX =0.328437, ABSMIN =0.000000
2019-03-01 22:32:35,755 INFO WEIGHT LAYER 8: ABSAV = 1.005756, SD =0.049809, ABSMAX =1.178476, ABSMIN =0.893334
2019-03-01 22:32:35,759 INFO WEIGHT LAYER 11: ABSAV = 0.027180, SD =0.034806, ABSMAX =0.321343, ABSMIN =0.000000
2019-03-01 22:32:35,761 INFO WEIGHT LAYER 12: ABSAV = 0.999837, SD =0.031272, ABSMAX =1.069366, ABSMIN =0.944697
2019-03-01 22:32:35,763 INFO WEIGHT LAYER 14: ABSAV = 0.026684, SD =0.034049, ABSMAX =0.249511, ABSMIN =0.000000
2019-03-01 22:32:35,765 INFO WEIGHT LAYER 15: ABSAV = 0.999227, SD =0.034801, ABSMAX =1.093148, ABSMIN =0.910880
2019-03-01 22:32:35,767 INFO WEIGHT LAYER 18: ABSAV = 0.025631, SD =0.032365, ABSMAX =0.257267, ABSMIN =0.000000
2019-03-01 22:32:35,768 INFO WEIGHT LAYER 19: ABSAV = 0.999878, SD =0.028004, ABSMAX =1.056831, ABSMIN =0.936205
2019-03-01 22:32:35,769 INFO WEIGHT LAYER 21: ABSAV = 0.024561, SD =0.030499, ABSMAX =0.170457, ABSMIN =0.000000
2019-03-01 22:32:35,772 INFO WEIGHT LAYER 22: ABSAV = 0.995614, SD =0.027760, ABSMAX =1.088495, ABSMIN =0.931749
2019-03-01 22:32:35,773 INFO WEIGHT LAYER 25: ABSAV = 0.024189, SD =0.030355, ABSMAX =0.307034, ABSMIN =0.000001
2019-03-01 22:32:35,775 INFO WEIGHT LAYER 26: ABSAV = 0.999949, SD =0.022665, ABSMAX =1.037008, ABSMIN =0.922274
2019-03-01 22:32:35,776 INFO WEIGHT LAYER 28: ABSAV = 0.023464, SD =0.029067, ABSMAX =0.180695, ABSMIN =0.000000
2019-03-01 22:32:35,777 INFO WEIGHT LAYER 29: ABSAV = 0.998119, SD =0.018909, ABSMAX =1.037659, ABSMIN =0.960991
2019-03-01 22:32:35,779 INFO WEIGHT LAYER 32: ABSAV = 0.023857, SD =0.029608, ABSMAX =0.248560, ABSMIN =0.000001
2019-03-01 22:32:35,780 INFO WEIGHT LAYER 33: ABSAV = 0.999938, SD =0.026351, ABSMAX =1.081332, ABSMIN =0.935303
2019-03-01 22:32:35,781 INFO WEIGHT LAYER 35: ABSAV = 0.022782, SD =0.028120, ABSMAX =0.183698, ABSMIN =0.000001
2019-03-01 22:32:35,782 INFO WEIGHT LAYER 36: ABSAV = 0.999099, SD =0.023154, ABSMAX =1.089762, ABSMIN =0.951808
2019-03-01 22:32:35,783 INFO WEIGHT LAYER 39: ABSAV = 0.226521, SD =0.231273, ABSMAX =0.568176, ABSMIN =0.000071
2019-03-01 22:32:35,784 INFO WEIGHT LAYER 40: ABSAV = 0.001833, SD =0.000000, ABSMAX =0.001833, ABSMIN =0.001833
2019-03-01 22:32:35,784 INFO WEIGHT LAYER 42: ABSAV = 0.110341, SD =0.115787, ABSMAX =0.274555, ABSMIN =0.003551
2019-03-01 22:32:35,785 INFO WEIGHT LAYER 44: ABSAV = 0.241970, SD =0.005391, ABSMAX =0.247361, ABSMIN =0.236579
2019-03-01 22:32:35,786 INFO WEIGHT LAYER 45: ABSAV = 0.111546, SD =0.131081, ABSMAX =0.414630, ABSMIN =0.000154
2019-03-01 22:32:35,787 INFO WEIGHT LAYER 49: ABSAV = 0.035879, SD =0.044075, ABSMAX =0.084381, ABSMIN =0.008205
2019-03-01 22:32:35,789 INFO WEIGHT LAYER 50: ABSAV = 0.092174, SD =0.109769, ABSMAX =0.278018, ABSMIN =0.000047
2019-03-01 22:32:35,789 INFO ------------------
2019-03-01 22:32:35,791 INFO BIAS LAYER 2: ABSAV = 0.045023, SD =0.058185, ABSMAX =0.149940, ABSMIN =0.000009
2019-03-01 22:32:35,793 INFO BIAS LAYER 5: ABSAV = 0.030487, SD =0.038742, ABSMAX =0.107217, ABSMIN =0.000038
2019-03-01 22:32:35,795 INFO BIAS LAYER 8: ABSAV = 0.027233, SD =0.033938, ABSMAX =0.076698, ABSMIN =0.000416
2019-03-01 22:32:35,797 INFO BIAS LAYER 12: ABSAV = 0.017740, SD =0.022396, ABSMAX =0.055911, ABSMIN =0.000586
2019-03-01 22:32:35,798 INFO BIAS LAYER 15: ABSAV = 0.020205, SD =0.025047, ABSMAX =0.062136, ABSMIN =0.000156
2019-03-01 22:32:35,800 INFO BIAS LAYER 19: ABSAV = 0.016103, SD =0.020693, ABSMAX =0.056520, ABSMIN =0.000695
2019-03-01 22:32:35,802 INFO BIAS LAYER 22: ABSAV = 0.015631, SD =0.018550, ABSMAX =0.050851, ABSMIN =0.000029
2019-03-01 22:32:35,803 INFO BIAS LAYER 26: ABSAV = 0.015172, SD =0.019696, ABSMAX =0.056723, ABSMIN =0.000001
2019-03-01 22:32:35,806 INFO BIAS LAYER 29: ABSAV = 0.010922, SD =0.013100, ABSMAX =0.028408, ABSMIN =0.000160
2019-03-01 22:32:35,808 INFO BIAS LAYER 33: ABSAV = 0.013669, SD =0.017371, ABSMAX =0.045690, ABSMIN =0.000324
2019-03-01 22:32:35,809 INFO BIAS LAYER 36: ABSAV = 0.006597, SD =0.007848, ABSMAX =0.023904, ABSMIN =0.000337
2019-03-01 22:32:35,811 INFO BIAS LAYER 40: ABSAV = 0.066354, SD =0.000000, ABSMAX =0.066354, ABSMIN =0.066354
2019-03-01 22:32:35,812 INFO BIAS LAYER 44: ABSAV = 0.121175, SD =0.035975, ABSMAX =0.157150, ABSMIN =0.085200
2019-03-01 22:32:35,813 INFO ******************
2019-03-01 23:17:30,982 INFO WEIGHT LAYER 1: ABSAV = 0.044635, SD =0.102523, ABSMAX =1.713685, ABSMIN =0.000014
2019-03-01 23:17:30,985 INFO WEIGHT LAYER 2: ABSAV = 0.997130, SD =0.053131, ABSMAX =1.192581, ABSMIN =0.857035
2019-03-01 23:17:30,991 INFO WEIGHT LAYER 4: ABSAV = 0.029374, SD =0.039390, ABSMAX =0.472910, ABSMIN =0.000000
2019-03-01 23:17:30,994 INFO WEIGHT LAYER 5: ABSAV = 1.000086, SD =0.038535, ABSMAX =1.093715, ABSMIN =0.907579
2019-03-01 23:17:30,998 INFO WEIGHT LAYER 7: ABSAV = 0.029616, SD =0.038807, ABSMAX =0.323400, ABSMIN =0.000000
2019-03-01 23:17:31,001 INFO WEIGHT LAYER 8: ABSAV = 1.005720, SD =0.049788, ABSMAX =1.178908, ABSMIN =0.893325
2019-03-01 23:17:31,006 INFO WEIGHT LAYER 11: ABSAV = 0.026749, SD =0.034254, ABSMAX =0.316302, ABSMIN =0.000001
2019-03-01 23:17:31,008 INFO WEIGHT LAYER 12: ABSAV = 0.999835, SD =0.031305, ABSMAX =1.069106, ABSMIN =0.945015
2019-03-01 23:17:31,011 INFO WEIGHT LAYER 14: ABSAV = 0.026261, SD =0.033508, ABSMAX =0.245458, ABSMIN =0.000000
2019-03-01 23:17:31,013 INFO WEIGHT LAYER 15: ABSAV = 0.999247, SD =0.034795, ABSMAX =1.093615, ABSMIN =0.910871
2019-03-01 23:17:31,015 INFO WEIGHT LAYER 18: ABSAV = 0.025224, SD =0.031851, ABSMAX =0.253179, ABSMIN =0.000000
2019-03-01 23:17:31,016 INFO WEIGHT LAYER 19: ABSAV = 0.999878, SD =0.028014, ABSMAX =1.056931, ABSMIN =0.936356
2019-03-01 23:17:31,018 INFO WEIGHT LAYER 21: ABSAV = 0.024171, SD =0.030014, ABSMAX =0.167686, ABSMIN =0.000000
2019-03-01 23:17:31,020 INFO WEIGHT LAYER 22: ABSAV = 0.995642, SD =0.027744, ABSMAX =1.088470, ABSMIN =0.932077
2019-03-01 23:17:31,022 INFO WEIGHT LAYER 25: ABSAV = 0.023805, SD =0.029872, ABSMAX =0.302156, ABSMIN =0.000000
2019-03-01 23:17:31,024 INFO WEIGHT LAYER 26: ABSAV = 0.999950, SD =0.022662, ABSMAX =1.036883, ABSMIN =0.922315
2019-03-01 23:17:31,025 INFO WEIGHT LAYER 28: ABSAV = 0.023091, SD =0.028605, ABSMAX =0.177838, ABSMIN =0.000001
2019-03-01 23:17:31,026 INFO WEIGHT LAYER 29: ABSAV = 0.998111, SD =0.018929, ABSMAX =1.037629, ABSMIN =0.961132
2019-03-01 23:17:31,028 INFO WEIGHT LAYER 32: ABSAV = 0.023477, SD =0.029138, ABSMAX =0.244606, ABSMIN =0.000000
2019-03-01 23:17:31,029 INFO WEIGHT LAYER 33: ABSAV = 0.999938, SD =0.026352, ABSMAX =1.081327, ABSMIN =0.935345
2019-03-01 23:17:31,030 INFO WEIGHT LAYER 35: ABSAV = 0.022420, SD =0.027673, ABSMAX =0.180793, ABSMIN =0.000000
2019-03-01 23:17:31,032 INFO WEIGHT LAYER 36: ABSAV = 0.999115, SD =0.023186, ABSMAX =1.089727, ABSMIN =0.951808
2019-03-01 23:17:31,032 INFO WEIGHT LAYER 39: ABSAV = 0.222919, SD =0.227594, ABSMAX =0.559143, ABSMIN =0.000083
2019-03-01 23:17:31,033 INFO WEIGHT LAYER 40: ABSAV = 0.000436, SD =0.000000, ABSMAX =0.000436, ABSMIN =0.000436
2019-03-01 23:17:31,034 INFO WEIGHT LAYER 42: ABSAV = 0.108374, SD =0.113403, ABSMAX =0.269212, ABSMIN =0.006665
2019-03-01 23:17:31,035 INFO WEIGHT LAYER 44: ABSAV = 0.194915, SD =0.023646, ABSMAX =0.218562, ABSMIN =0.171269
2019-03-01 23:17:31,036 INFO WEIGHT LAYER 45: ABSAV = 0.109768, SD =0.129003, ABSMAX =0.408074, ABSMIN =0.000334
2019-03-01 23:17:31,036 INFO WEIGHT LAYER 49: ABSAV = 0.036409, SD =0.044629, ABSMAX =0.085298, ABSMIN =0.003753
2019-03-01 23:17:31,037 INFO WEIGHT LAYER 50: ABSAV = 0.090524, SD =0.107639, ABSMAX =0.274272, ABSMIN =0.000146
2019-03-01 23:17:31,038 INFO ------------------
2019-03-01 23:17:31,040 INFO BIAS LAYER 2: ABSAV = 0.045080, SD =0.058201, ABSMAX =0.150293, ABSMIN =0.000716
2019-03-01 23:17:31,042 INFO BIAS LAYER 5: ABSAV = 0.030572, SD =0.038754, ABSMAX =0.107070, ABSMIN =0.000346
2019-03-01 23:17:31,044 INFO BIAS LAYER 8: ABSAV = 0.027259, SD =0.033914, ABSMAX =0.076386, ABSMIN =0.000292
2019-03-01 23:17:31,045 INFO BIAS LAYER 12: ABSAV = 0.017784, SD =0.022408, ABSMAX =0.055642, ABSMIN =0.000728
2019-03-01 23:17:31,047 INFO BIAS LAYER 15: ABSAV = 0.020226, SD =0.025054, ABSMAX =0.062103, ABSMIN =0.000299
2019-03-01 23:17:31,048 INFO BIAS LAYER 19: ABSAV = 0.016104, SD =0.020710, ABSMAX =0.056590, ABSMIN =0.000770
2019-03-01 23:17:31,050 INFO BIAS LAYER 22: ABSAV = 0.015634, SD =0.018548, ABSMAX =0.050795, ABSMIN =0.000071
2019-03-01 23:17:31,052 INFO BIAS LAYER 26: ABSAV = 0.015165, SD =0.019686, ABSMAX =0.056844, ABSMIN =0.000085
2019-03-01 23:17:31,055 INFO BIAS LAYER 29: ABSAV = 0.010927, SD =0.013093, ABSMAX =0.028195, ABSMIN =0.000180
2019-03-01 23:17:31,057 INFO BIAS LAYER 33: ABSAV = 0.013677, SD =0.017378, ABSMAX =0.045687, ABSMIN =0.000403
2019-03-01 23:17:31,058 INFO BIAS LAYER 36: ABSAV = 0.006607, SD =0.007859, ABSMAX =0.024088, ABSMIN =0.000114
2019-03-01 23:17:31,059 INFO BIAS LAYER 40: ABSAV = 0.081478, SD =0.000000, ABSMAX =0.081478, ABSMIN =0.081478
2019-03-01 23:17:31,061 INFO BIAS LAYER 44: ABSAV = 0.111094, SD =0.010386, ABSMAX =0.121479, ABSMIN =0.100708
2019-03-01 23:17:31,063 INFO ******************
2019-03-02 00:01:25,492 INFO WEIGHT LAYER 1: ABSAV = 0.043927, SD =0.100896, ABSMAX =1.686492, ABSMIN =0.000000
2019-03-02 00:01:25,496 INFO WEIGHT LAYER 2: ABSAV = 0.996857, SD =0.053537, ABSMAX =1.193774, ABSMIN =0.856098
2019-03-02 00:01:25,500 INFO WEIGHT LAYER 4: ABSAV = 0.028908, SD =0.038766, ABSMAX =0.465374, ABSMIN =0.000001
2019-03-02 00:01:25,504 INFO WEIGHT LAYER 5: ABSAV = 1.000086, SD =0.038533, ABSMAX =1.093789, ABSMIN =0.907350
2019-03-02 00:01:25,508 INFO WEIGHT LAYER 7: ABSAV = 0.029146, SD =0.038192, ABSMAX =0.318166, ABSMIN =0.000000
2019-03-02 00:01:25,511 INFO WEIGHT LAYER 8: ABSAV = 1.005788, SD =0.049933, ABSMAX =1.179184, ABSMIN =0.892869
2019-03-02 00:01:25,515 INFO WEIGHT LAYER 11: ABSAV = 0.026324, SD =0.033711, ABSMAX =0.311151, ABSMIN =0.000000
2019-03-02 00:01:25,517 INFO WEIGHT LAYER 12: ABSAV = 0.999835, SD =0.031292, ABSMAX =1.069071, ABSMIN =0.944822
2019-03-02 00:01:25,521 INFO WEIGHT LAYER 14: ABSAV = 0.025844, SD =0.032976, ABSMAX =0.241650, ABSMIN =0.000000
2019-03-02 00:01:25,523 INFO WEIGHT LAYER 15: ABSAV = 0.999227, SD =0.034745, ABSMAX =1.093261, ABSMIN =0.911109
2019-03-02 00:01:25,525 INFO WEIGHT LAYER 18: ABSAV = 0.024823, SD =0.031344, ABSMAX =0.249186, ABSMIN =0.000000
2019-03-02 00:01:25,527 INFO WEIGHT LAYER 19: ABSAV = 0.999875, SD =0.028078, ABSMAX =1.056533, ABSMIN =0.935689
2019-03-02 00:01:25,529 INFO WEIGHT LAYER 21: ABSAV = 0.023787, SD =0.029538, ABSMAX =0.164974, ABSMIN =0.000000
2019-03-02 00:01:25,530 INFO WEIGHT LAYER 22: ABSAV = 0.995657, SD =0.027762, ABSMAX =1.088866, ABSMIN =0.931904
2019-03-02 00:01:25,531 INFO WEIGHT LAYER 25: ABSAV = 0.023426, SD =0.029397, ABSMAX =0.297358, ABSMIN =0.000000
2019-03-02 00:01:25,532 INFO WEIGHT LAYER 26: ABSAV = 0.999949, SD =0.022676, ABSMAX =1.036742, ABSMIN =0.922150
2019-03-02 00:01:25,535 INFO WEIGHT LAYER 28: ABSAV = 0.022724, SD =0.028150, ABSMAX =0.174971, ABSMIN =0.000001
2019-03-02 00:01:25,537 INFO WEIGHT LAYER 29: ABSAV = 0.998174, SD =0.018944, ABSMAX =1.037884, ABSMIN =0.961075
2019-03-02 00:01:25,538 INFO WEIGHT LAYER 32: ABSAV = 0.023104, SD =0.028674, ABSMAX =0.240717, ABSMIN =0.000000
2019-03-02 00:01:25,539 INFO WEIGHT LAYER 33: ABSAV = 0.999938, SD =0.026370, ABSMAX =1.081450, ABSMIN =0.935342
2019-03-02 00:01:25,541 INFO WEIGHT LAYER 35: ABSAV = 0.022064, SD =0.027233, ABSMAX =0.177899, ABSMIN =0.000000
2019-03-02 00:01:25,542 INFO WEIGHT LAYER 36: ABSAV = 0.999156, SD =0.023221, ABSMAX =1.089699, ABSMIN =0.951725
2019-03-02 00:01:25,543 INFO WEIGHT LAYER 39: ABSAV = 0.219374, SD =0.223974, ABSMAX =0.550244, ABSMIN =0.000080
2019-03-02 00:01:25,543 INFO WEIGHT LAYER 40: ABSAV = 0.000320, SD =0.000000, ABSMAX =0.000320, ABSMIN =0.000320
2019-03-02 00:01:25,544 INFO WEIGHT LAYER 42: ABSAV = 0.106360, SD =0.111207, ABSMAX =0.267363, ABSMIN =0.003081
2019-03-02 00:01:25,545 INFO WEIGHT LAYER 44: ABSAV = 0.216139, SD =0.026792, ABSMAX =0.242931, ABSMIN =0.189347
2019-03-02 00:01:25,546 INFO WEIGHT LAYER 45: ABSAV = 0.108031, SD =0.126960, ABSMAX =0.401605, ABSMIN =0.000602
2019-03-02 00:01:25,546 INFO WEIGHT LAYER 49: ABSAV = 0.036979, SD =0.045721, ABSMAX =0.088064, ABSMIN =0.000783
2019-03-02 00:01:25,547 INFO WEIGHT LAYER 50: ABSAV = 0.088932, SD =0.105720, ABSMAX =0.267360, ABSMIN =0.000010
2019-03-02 00:01:25,547 INFO ------------------
2019-03-02 00:01:25,548 INFO BIAS LAYER 2: ABSAV = 0.045075, SD =0.058224, ABSMAX =0.150327, ABSMIN =0.000233
2019-03-02 00:01:25,550 INFO BIAS LAYER 5: ABSAV = 0.030610, SD =0.038783, ABSMAX =0.107556, ABSMIN =0.000267
2019-03-02 00:01:25,553 INFO BIAS LAYER 8: ABSAV = 0.027282, SD =0.033922, ABSMAX =0.076471, ABSMIN =0.000087
2019-03-02 00:01:25,556 INFO BIAS LAYER 12: ABSAV = 0.017806, SD =0.022426, ABSMAX =0.055639, ABSMIN =0.000854
2019-03-02 00:01:25,557 INFO BIAS LAYER 15: ABSAV = 0.020246, SD =0.025042, ABSMAX =0.062105, ABSMIN =0.000291
2019-03-02 00:01:25,559 INFO BIAS LAYER 19: ABSAV = 0.016121, SD =0.020724, ABSMAX =0.056951, ABSMIN =0.000820
2019-03-02 00:01:25,560 INFO BIAS LAYER 22: ABSAV = 0.015645, SD =0.018554, ABSMAX =0.051390, ABSMIN =0.000063
2019-03-02 00:01:25,562 INFO BIAS LAYER 26: ABSAV = 0.015169, SD =0.019696, ABSMAX =0.056821, ABSMIN =0.000038
2019-03-02 00:01:25,563 INFO BIAS LAYER 29: ABSAV = 0.010945, SD =0.013092, ABSMAX =0.028293, ABSMIN =0.000021
2019-03-02 00:01:25,565 INFO BIAS LAYER 33: ABSAV = 0.013695, SD =0.017391, ABSMAX =0.045636, ABSMIN =0.000398
2019-03-02 00:01:25,566 INFO BIAS LAYER 36: ABSAV = 0.006633, SD =0.007851, ABSMAX =0.024033, ABSMIN =0.000160
2019-03-02 00:01:25,569 INFO BIAS LAYER 40: ABSAV = 0.099558, SD =0.000000, ABSMAX =0.099558, ABSMIN =0.099558
2019-03-02 00:01:25,571 INFO BIAS LAYER 44: ABSAV = 0.071357, SD =0.025311, ABSMAX =0.096669, ABSMIN =0.046046
2019-03-02 00:01:25,572 INFO ******************
